2025-10-30 12:51:19,241 [INFO] 🔁 Pushing dữ liệu trước khi tạo email mới...
2025-10-30 12:51:20,382 [INFO] [GIT PUSH] ✅ Đã push dữ liệu mới lên GitHub.
2025-10-30 12:51:20,383 [INFO] 📮 Tạo email mới...
2025-10-30 12:51:22,492 [INFO] 📤 Gửi yêu cầu gửi mã xác minh tới: demo1761828681@tiffincrane.com
2025-10-30 12:51:22,495 [INFO] ⏳ Chờ mã xác minh...
2025-10-30 13:07:54,031 [INFO] ❌ Error 86299807401593: Expecting value: line 1 column 1 (char 0)
2025-10-30 13:07:54,561 [INFO] ❌ Error 86299807401594: Expecting value: line 1 column 1 (char 0)
2025-10-30 13:07:55,097 [INFO] ❌ Error 86299807401595: Expecting value: line 1 column 1 (char 0)
2025-10-30 13:07:55,628 [INFO] ❌ Error 86299807401596: Expecting value: line 1 column 1 (char 0)
2025-10-30 13:07:56,153 [INFO] ❌ Error 86299807401597: Expecting value: line 1 column 1 (char 0)
2025-10-30 13:07:56,691 [INFO] ❌ Error 86299807401598: Expecting value: line 1 column 1 (char 0)
2025-10-30 13:07:57,224 [INFO] ❌ Error 86299807401599: Expecting value: line 1 column 1 (char 0)
2025-10-30 13:07:57,760 [INFO] ❌ Error 86299807401600: Expecting value: line 1 column 1 (char 0)
2025-10-30 13:07:58,288 [INFO] ❌ Error 86299807401601: Expecting value: line 1 column 1 (char 0)
2025-10-30 13:07:58,825 [INFO] ❌ Error 86299807401602: Expecting value: line 1 column 1 (char 0)
2025-10-30 13:07:59,359 [INFO] ❌ Error 86299807401603: Expecting value: line 1 column 1 (char 0)
2025-10-30 13:07:59,891 [INFO] ❌ Error 86299807401604: Expecting value: line 1 column 1 (char 0)
2025-10-30 13:08:00,422 [INFO] ❌ Error 86299807401605: Expecting value: line 1 column 1 (char 0)
2025-10-30 13:08:00,978 [INFO] ❌ Error 86299807401606: Expecting value: line 1 column 1 (char 0)
2025-10-30 13:08:01,515 [INFO] ❌ Error 86299807401607: Expecting value: line 1 column 1 (char 0)
2025-10-30 13:08:02,049 [INFO] ❌ Error 86299807401608: Expecting value: line 1 column 1 (char 0)
2025-10-30 13:08:02,589 [INFO] ❌ Error 86299807401609: Expecting value: line 1 column 1 (char 0)
2025-10-30 13:08:03,120 [INFO] ❌ Error 86299807401610: Expecting value: line 1 column 1 (char 0)
2025-10-30 13:08:03,653 [INFO] ❌ Error 86299807401611: Expecting value: line 1 column 1 (char 0)
2025-10-30 13:08:04,179 [INFO] ❌ Error 86299807401612: Expecting value: line 1 column 1 (char 0)
2025-10-30 13:08:04,708 [INFO] ❌ Error 86299807401613: Expecting value: line 1 column 1 (char 0)
2025-10-30 13:08:05,241 [INFO] ❌ Error 86299807401614: Expecting value: line 1 column 1 (char 0)
2025-10-30 13:08:05,778 [INFO] ❌ Error 86299807401615: Expecting value: line 1 column 1 (char 0)
2025-10-30 13:08:06,317 [INFO] ❌ Error 86299807401616: Expecting value: line 1 column 1 (char 0)
2025-10-30 13:08:06,843 [INFO] ❌ Error 86299807401617: Expecting value: line 1 column 1 (char 0)
2025-10-30 13:08:07,379 [INFO] ❌ Error 86299807401618: Expecting value: line 1 column 1 (char 0)
2025-10-30 13:08:07,919 [INFO] ❌ Error 86299807401619: Expecting value: line 1 column 1 (char 0)
2025-10-30 13:08:08,448 [INFO] ❌ Error 86299807401620: Expecting value: line 1 column 1 (char 0)
2025-10-30 13:08:09,122 [INFO] ❌ Error 86299807401621: Expecting value: line 1 column 1 (char 0)
2025-10-30 13:08:09,652 [INFO] ❌ Error 86299807401622: Expecting value: line 1 column 1 (char 0)
2025-10-30 13:08:10,189 [INFO] ❌ Error 86299807401623: Expecting value: line 1 column 1 (char 0)
2025-10-30 13:08:10,724 [INFO] ❌ Error 86299807401624: Expecting value: line 1 column 1 (char 0)
2025-10-30 13:08:11,258 [INFO] ❌ Error 86299807401625: Expecting value: line 1 column 1 (char 0)
2025-10-30 13:08:11,798 [INFO] ❌ Error 86299807401626: Expecting value: line 1 column 1 (char 0)
2025-10-30 13:08:12,333 [INFO] ❌ Error 86299807401627: Expecting value: line 1 column 1 (char 0)
2025-10-30 13:08:12,862 [INFO] ❌ Error 86299807401628: Expecting value: line 1 column 1 (char 0)
2025-10-30 13:08:13,393 [INFO] ❌ Error 86299807401629: Expecting value: line 1 column 1 (char 0)
2025-10-30 13:08:13,924 [INFO] ❌ Error 86299807401630: Expecting value: line 1 column 1 (char 0)
2025-10-30 13:08:14,460 [INFO] ❌ Error 86299807401631: Expecting value: line 1 column 1 (char 0)
2025-10-30 13:08:14,988 [INFO] ❌ Error 86299807401632: Expecting value: line 1 column 1 (char 0)
2025-10-30 13:08:15,523 [INFO] ❌ Error 86299807401633: Expecting value: line 1 column 1 (char 0)
2025-10-30 13:08:16,053 [INFO] ❌ Error 86299807401634: Expecting value: line 1 column 1 (char 0)
2025-10-30 13:08:16,585 [INFO] ❌ Error 86299807401635: Expecting value: line 1 column 1 (char 0)
2025-10-30 13:08:17,122 [INFO] ❌ Error 86299807401636: Expecting value: line 1 column 1 (char 0)
2025-10-30 13:08:17,658 [INFO] ❌ Error 86299807401637: Expecting value: line 1 column 1 (char 0)
2025-10-30 13:08:18,223 [INFO] ❌ Error 86299807401638: Expecting value: line 1 column 1 (char 0)
2025-10-30 13:08:18,756 [INFO] ❌ Error 86299807401639: Expecting value: line 1 column 1 (char 0)
2025-10-30 13:08:19,291 [INFO] ❌ Error 86299807401640: Expecting value: line 1 column 1 (char 0)
2025-10-30 13:08:19,820 [INFO] ❌ Error 86299807401641: Expecting value: line 1 column 1 (char 0)
2025-10-30 13:08:20,357 [INFO] ❌ Error 86299807401642: Expecting value: line 1 column 1 (char 0)
2025-10-30 13:08:20,888 [INFO] ❌ Error 86299807401643: Expecting value: line 1 column 1 (char 0)
2025-10-30 13:08:21,419 [INFO] ❌ Error 86299807401644: Expecting value: line 1 column 1 (char 0)
2025-10-30 13:08:21,960 [INFO] ❌ Error 86299807401645: Expecting value: line 1 column 1 (char 0)
2025-10-30 13:08:22,489 [INFO] ❌ Error 86299807401646: Expecting value: line 1 column 1 (char 0)
2025-10-30 13:08:23,022 [INFO] ❌ Error 86299807401647: Expecting value: line 1 column 1 (char 0)
2025-10-30 13:08:23,556 [INFO] ❌ Error 86299807401648: Expecting value: line 1 column 1 (char 0)
2025-10-30 13:08:24,085 [INFO] ❌ Error 86299807401649: Expecting value: line 1 column 1 (char 0)
2025-10-30 13:08:24,620 [INFO] ❌ Error 86299807401650: Expecting value: line 1 column 1 (char 0)
2025-10-30 13:08:25,154 [INFO] ❌ Error 86299807401651: Expecting value: line 1 column 1 (char 0)
2025-10-30 13:08:25,688 [INFO] ❌ Error 86299807401652: Expecting value: line 1 column 1 (char 0)
2025-10-30 13:08:26,219 [INFO] ❌ Error 86299807401653: Expecting value: line 1 column 1 (char 0)
2025-10-30 13:08:26,750 [INFO] ❌ Error 86299807401654: Expecting value: line 1 column 1 (char 0)
2025-10-30 13:08:27,284 [INFO] ❌ Error 86299807401655: Expecting value: line 1 column 1 (char 0)
2025-10-30 13:08:27,816 [INFO] ❌ Error 86299807401656: Expecting value: line 1 column 1 (char 0)
2025-10-30 13:08:28,352 [INFO] ❌ Error 86299807401657: Expecting value: line 1 column 1 (char 0)
2025-10-30 13:08:28,880 [INFO] ❌ Error 86299807401658: Expecting value: line 1 column 1 (char 0)
2025-10-30 13:08:29,414 [INFO] ❌ Error 86299807401659: Expecting value: line 1 column 1 (char 0)
2025-10-30 13:08:29,976 [INFO] ❌ Error 86299807401660: Expecting value: line 1 column 1 (char 0)
2025-10-30 13:08:30,512 [INFO] ❌ Error 86299807401661: Expecting value: line 1 column 1 (char 0)
2025-10-30 13:08:31,043 [INFO] ❌ Error 86299807401662: Expecting value: line 1 column 1 (char 0)
2025-10-30 13:08:31,577 [INFO] ❌ Error 86299807401663: Expecting value: line 1 column 1 (char 0)
2025-10-30 13:08:32,101 [INFO] ❌ Error 86299807401664: Expecting value: line 1 column 1 (char 0)
2025-10-30 13:08:32,635 [INFO] ❌ Error 86299807401665: Expecting value: line 1 column 1 (char 0)
2025-10-30 13:08:33,164 [INFO] ❌ Error 86299807401666: Expecting value: line 1 column 1 (char 0)
2025-10-30 13:08:33,705 [INFO] ❌ Error 86299807401667: Expecting value: line 1 column 1 (char 0)
2025-10-30 13:08:34,234 [INFO] ❌ Error 86299807401668: Expecting value: line 1 column 1 (char 0)
2025-10-30 13:08:34,767 [INFO] ❌ Error 86299807401669: Expecting value: line 1 column 1 (char 0)
2025-10-30 13:08:35,351 [INFO] ❌ Error 86299807401670: Expecting value: line 1 column 1 (char 0)
2025-10-30 13:08:35,876 [INFO] ❌ Error 86299807401671: Expecting value: line 1 column 1 (char 0)
2025-10-30 13:08:36,411 [INFO] ❌ Error 86299807401672: Expecting value: line 1 column 1 (char 0)
2025-10-30 13:08:36,941 [INFO] ❌ Error 86299807401673: Expecting value: line 1 column 1 (char 0)
2025-10-30 13:08:37,492 [INFO] ❌ Error 86299807401674: Expecting value: line 1 column 1 (char 0)
2025-10-30 13:08:38,034 [INFO] ❌ Error 86299807401675: Expecting value: line 1 column 1 (char 0)
2025-10-30 13:08:38,573 [INFO] ❌ Error 86299807401676: Expecting value: line 1 column 1 (char 0)
2025-10-30 13:08:39,107 [INFO] ❌ Error 86299807401677: Expecting value: line 1 column 1 (char 0)
2025-10-30 13:08:39,637 [INFO] ❌ Error 86299807401678: Expecting value: line 1 column 1 (char 0)
2025-10-30 13:08:40,187 [INFO] ❌ Error 86299807401679: Expecting value: line 1 column 1 (char 0)
2025-10-30 13:08:40,714 [INFO] ❌ Error 86299807401680: Expecting value: line 1 column 1 (char 0)
2025-10-30 13:08:41,276 [INFO] ❌ Error 86299807401681: Expecting value: line 1 column 1 (char 0)
2025-10-30 13:08:41,810 [INFO] ❌ Error 86299807401682: Expecting value: line 1 column 1 (char 0)
2025-10-30 13:08:42,337 [INFO] ❌ Error 86299807401683: Expecting value: line 1 column 1 (char 0)
2025-10-30 13:08:42,868 [INFO] ❌ Error 86299807401684: Expecting value: line 1 column 1 (char 0)
2025-10-30 13:08:43,395 [INFO] ❌ Error 86299807401685: Expecting value: line 1 column 1 (char 0)
2025-10-30 13:08:43,921 [INFO] ❌ Error 86299807401686: Expecting value: line 1 column 1 (char 0)
2025-10-30 13:08:44,457 [INFO] ❌ Error 86299807401687: Expecting value: line 1 column 1 (char 0)
2025-10-30 13:08:44,992 [INFO] ❌ Error 86299807401688: Expecting value: line 1 column 1 (char 0)
2025-10-30 13:08:45,528 [INFO] ❌ Error 86299807401689: Expecting value: line 1 column 1 (char 0)
2025-10-30 13:08:46,057 [INFO] ❌ Error 86299807401690: Expecting value: line 1 column 1 (char 0)
2025-10-30 13:08:46,595 [INFO] ❌ Error 86299807401691: Expecting value: line 1 column 1 (char 0)
2025-10-30 13:08:47,135 [INFO] ❌ Error 86299807401692: Expecting value: line 1 column 1 (char 0)
2025-10-30 13:08:47,673 [INFO] ❌ Error 86299807401693: Expecting value: line 1 column 1 (char 0)
2025-10-30 13:08:48,204 [INFO] ❌ Error 86299807401694: Expecting value: line 1 column 1 (char 0)
2025-10-30 13:08:48,736 [INFO] ❌ Error 86299807401695: Expecting value: line 1 column 1 (char 0)
2025-10-30 13:08:49,265 [INFO] ❌ Error 86299807401696: Expecting value: line 1 column 1 (char 0)
2025-10-30 13:08:49,803 [INFO] ❌ Error 86299807401697: Expecting value: line 1 column 1 (char 0)
2025-10-30 13:08:50,333 [INFO] ❌ Error 86299807401698: Expecting value: line 1 column 1 (char 0)
2025-10-30 13:08:50,867 [INFO] ❌ Error 86299807401699: Expecting value: line 1 column 1 (char 0)
2025-10-30 13:08:51,402 [INFO] ❌ Error 86299807401700: Expecting value: line 1 column 1 (char 0)
2025-10-30 13:08:51,939 [INFO] ❌ Error 86299807401701: Expecting value: line 1 column 1 (char 0)
2025-10-30 13:08:52,475 [INFO] ❌ Error 86299807401702: Expecting value: line 1 column 1 (char 0)
2025-10-30 13:08:53,007 [INFO] ❌ Error 86299807401703: Expecting value: line 1 column 1 (char 0)
2025-10-30 13:08:53,539 [INFO] ❌ Error 86299807401704: Expecting value: line 1 column 1 (char 0)
2025-10-30 13:08:54,068 [INFO] ❌ Error 86299807401705: Expecting value: line 1 column 1 (char 0)
2025-10-30 13:08:54,603 [INFO] ❌ Error 86299807401706: Expecting value: line 1 column 1 (char 0)
2025-10-30 13:08:55,133 [INFO] ❌ Error 86299807401707: Expecting value: line 1 column 1 (char 0)
2025-10-30 13:08:55,667 [INFO] ❌ Error 86299807401708: Expecting value: line 1 column 1 (char 0)
2025-10-30 13:08:56,201 [INFO] ❌ Error 86299807401709: Expecting value: line 1 column 1 (char 0)
2025-10-30 13:08:56,726 [INFO] ❌ Error 86299807401710: Expecting value: line 1 column 1 (char 0)
2025-10-30 13:08:57,272 [INFO] ❌ Error 86299807401711: Expecting value: line 1 column 1 (char 0)
2025-10-30 13:08:57,805 [INFO] ❌ Error 86299807401712: Expecting value: line 1 column 1 (char 0)
2025-10-30 13:08:58,331 [INFO] ❌ Error 86299807401713: Expecting value: line 1 column 1 (char 0)
2025-10-30 13:08:58,865 [INFO] ❌ Error 86299807401714: Expecting value: line 1 column 1 (char 0)
2025-10-30 13:08:59,405 [INFO] ❌ Error 86299807401715: Expecting value: line 1 column 1 (char 0)
2025-10-30 13:08:59,937 [INFO] ❌ Error 86299807401716: Expecting value: line 1 column 1 (char 0)
2025-10-30 13:09:00,472 [INFO] ❌ Error 86299807401717: Expecting value: line 1 column 1 (char 0)
2025-10-30 13:09:01,003 [INFO] ❌ Error 86299807401718: Expecting value: line 1 column 1 (char 0)
2025-10-30 13:09:01,530 [INFO] ❌ Error 86299807401719: Expecting value: line 1 column 1 (char 0)
2025-10-30 13:09:02,062 [INFO] ❌ Error 86299807401720: Expecting value: line 1 column 1 (char 0)
2025-10-30 13:09:02,593 [INFO] ❌ Error 86299807401721: Expecting value: line 1 column 1 (char 0)
2025-10-30 13:09:03,129 [INFO] ❌ Error 86299807401722: Expecting value: line 1 column 1 (char 0)
2025-10-30 13:09:03,667 [INFO] ❌ Error 86299807401723: Expecting value: line 1 column 1 (char 0)
2025-10-30 13:09:04,217 [INFO] ❌ Error 86299807401724: Expecting value: line 1 column 1 (char 0)
2025-10-30 13:09:04,752 [INFO] ❌ Error 86299807401725: Expecting value: line 1 column 1 (char 0)
2025-10-30 13:09:05,279 [INFO] ❌ Error 86299807401726: Expecting value: line 1 column 1 (char 0)
2025-10-30 13:09:05,808 [INFO] ❌ Error 86299807401727: Expecting value: line 1 column 1 (char 0)
2025-10-30 13:09:06,340 [INFO] ❌ Error 86299807401728: Expecting value: line 1 column 1 (char 0)
2025-10-30 13:09:06,873 [INFO] ❌ Error 86299807401729: Expecting value: line 1 column 1 (char 0)
2025-10-30 13:09:07,403 [INFO] ❌ Error 86299807401730: Expecting value: line 1 column 1 (char 0)
2025-10-30 13:09:07,937 [INFO] ❌ Error 86299807401731: Expecting value: line 1 column 1 (char 0)
2025-10-30 13:09:08,469 [INFO] ❌ Error 86299807401732: Expecting value: line 1 column 1 (char 0)
2025-10-30 13:09:08,992 [INFO] ❌ Error 86299807401733: Expecting value: line 1 column 1 (char 0)
2025-10-30 13:09:09,578 [INFO] ❌ Error 86299807401734: Expecting value: line 1 column 1 (char 0)
2025-10-30 13:09:10,102 [INFO] ❌ Error 86299807401735: Expecting value: line 1 column 1 (char 0)
2025-10-30 13:09:10,634 [INFO] ❌ Error 86299807401736: Expecting value: line 1 column 1 (char 0)
2025-10-30 13:09:11,172 [INFO] ❌ Error 86299807401737: Expecting value: line 1 column 1 (char 0)
2025-10-30 13:09:11,700 [INFO] ❌ Error 86299807401738: Expecting value: line 1 column 1 (char 0)
2025-10-30 13:09:12,230 [INFO] ❌ Error 86299807401739: Expecting value: line 1 column 1 (char 0)
2025-10-30 13:09:12,773 [INFO] ❌ Error 86299807401740: Expecting value: line 1 column 1 (char 0)
2025-10-30 13:09:13,311 [INFO] ❌ Error 86299807401741: Expecting value: line 1 column 1 (char 0)
2025-10-30 13:09:13,839 [INFO] ❌ Error 86299807401742: Expecting value: line 1 column 1 (char 0)
2025-10-30 13:09:14,374 [INFO] ❌ Error 86299807401743: Expecting value: line 1 column 1 (char 0)
2025-10-30 13:09:14,900 [INFO] ❌ Error 86299807401744: Expecting value: line 1 column 1 (char 0)
2025-10-30 13:09:15,432 [INFO] ❌ Error 86299807401745: Expecting value: line 1 column 1 (char 0)
2025-10-30 13:09:15,961 [INFO] ❌ Error 86299807401746: Expecting value: line 1 column 1 (char 0)
2025-10-30 13:09:16,490 [INFO] ❌ Error 86299807401747: Expecting value: line 1 column 1 (char 0)
2025-10-30 13:09:17,025 [INFO] ❌ Error 86299807401748: Expecting value: line 1 column 1 (char 0)
2025-10-30 13:09:17,553 [INFO] ❌ Error 86299807401749: Expecting value: line 1 column 1 (char 0)
2025-10-30 13:09:18,092 [INFO] ❌ Error 86299807401750: Expecting value: line 1 column 1 (char 0)
2025-10-30 13:09:18,624 [INFO] ❌ Error 86299807401751: Expecting value: line 1 column 1 (char 0)
2025-10-30 13:09:19,151 [INFO] ❌ Error 86299807401752: Expecting value: line 1 column 1 (char 0)
2025-10-30 13:09:19,684 [INFO] ❌ Error 86299807401753: Expecting value: line 1 column 1 (char 0)
2025-10-30 13:09:20,219 [INFO] ❌ Error 86299807401754: Expecting value: line 1 column 1 (char 0)
2025-10-30 13:09:20,749 [INFO] ❌ Error 86299807401755: Expecting value: line 1 column 1 (char 0)
2025-10-30 13:09:21,276 [INFO] ❌ Error 86299807401756: Expecting value: line 1 column 1 (char 0)
2025-10-30 13:09:21,809 [INFO] ❌ Error 86299807401757: Expecting value: line 1 column 1 (char 0)
2025-10-30 13:09:22,344 [INFO] ❌ Error 86299807401758: Expecting value: line 1 column 1 (char 0)
2025-10-30 13:09:22,871 [INFO] ❌ Error 86299807401759: Expecting value: line 1 column 1 (char 0)
2025-10-30 13:09:23,396 [INFO] ❌ Error 86299807401760: Expecting value: line 1 column 1 (char 0)
2025-10-30 13:09:23,926 [INFO] ❌ Error 86299807401761: Expecting value: line 1 column 1 (char 0)
2025-10-30 13:09:24,457 [INFO] ❌ Error 86299807401762: Expecting value: line 1 column 1 (char 0)
2025-10-30 13:09:24,987 [INFO] ❌ Error 86299807401763: Expecting value: line 1 column 1 (char 0)
2025-10-30 13:09:25,523 [INFO] ❌ Error 86299807401764: Expecting value: line 1 column 1 (char 0)
2025-10-30 13:09:26,049 [INFO] ❌ Error 86299807401765: Expecting value: line 1 column 1 (char 0)
2025-10-30 13:09:26,576 [INFO] ❌ Error 86299807401766: Expecting value: line 1 column 1 (char 0)
2025-10-30 13:09:27,111 [INFO] ❌ Error 86299807401767: Expecting value: line 1 column 1 (char 0)
2025-10-30 13:09:27,641 [INFO] ❌ Error 86299807401768: Expecting value: line 1 column 1 (char 0)
2025-10-30 13:09:28,175 [INFO] ❌ Error 86299807401769: Expecting value: line 1 column 1 (char 0)
2025-10-30 13:09:28,702 [INFO] ❌ Error 86299807401770: Expecting value: line 1 column 1 (char 0)
2025-10-30 13:09:29,233 [INFO] ❌ Error 86299807401771: Expecting value: line 1 column 1 (char 0)
2025-10-30 13:09:29,765 [INFO] ❌ Error 86299807401772: Expecting value: line 1 column 1 (char 0)
2025-10-30 13:09:30,300 [INFO] ❌ Error 86299807401773: Expecting value: line 1 column 1 (char 0)
2025-10-30 13:09:30,825 [INFO] ❌ Error 86299807401774: Expecting value: line 1 column 1 (char 0)
2025-10-30 13:09:31,355 [INFO] ❌ Error 86299807401775: Expecting value: line 1 column 1 (char 0)
2025-10-30 13:09:31,888 [INFO] ❌ Error 86299807401776: Expecting value: line 1 column 1 (char 0)
2025-10-30 13:09:32,423 [INFO] ❌ Error 86299807401777: Expecting value: line 1 column 1 (char 0)
2025-10-30 13:09:32,958 [INFO] ❌ Error 86299807401778: Expecting value: line 1 column 1 (char 0)
2025-10-30 13:09:33,485 [INFO] ❌ Error 86299807401779: Expecting value: line 1 column 1 (char 0)
2025-10-30 13:09:34,009 [INFO] ❌ Error 86299807401780: Expecting value: line 1 column 1 (char 0)
2025-10-30 13:09:34,539 [INFO] ❌ Error 86299807401781: Expecting value: line 1 column 1 (char 0)
2025-10-30 13:09:35,066 [INFO] ❌ Error 86299807401782: Expecting value: line 1 column 1 (char 0)
2025-10-30 13:09:35,598 [INFO] ❌ Error 86299807401783: Expecting value: line 1 column 1 (char 0)
2025-10-30 13:09:36,134 [INFO] ❌ Error 86299807401784: Expecting value: line 1 column 1 (char 0)
2025-10-30 13:09:36,664 [INFO] ❌ Error 86299807401785: Expecting value: line 1 column 1 (char 0)
2025-10-30 13:09:37,197 [INFO] ❌ Error 86299807401786: Expecting value: line 1 column 1 (char 0)
2025-10-30 13:09:37,729 [INFO] ❌ Error 86299807401787: Expecting value: line 1 column 1 (char 0)
2025-10-30 13:09:38,263 [INFO] ❌ Error 86299807401788: Expecting value: line 1 column 1 (char 0)
2025-10-30 13:09:38,801 [INFO] ❌ Error 86299807401789: Expecting value: line 1 column 1 (char 0)
2025-10-30 13:09:39,335 [INFO] ❌ Error 86299807401790: Expecting value: line 1 column 1 (char 0)
2025-10-30 13:09:39,868 [INFO] ❌ Error 86299807401791: Expecting value: line 1 column 1 (char 0)
2025-10-30 13:09:40,405 [INFO] ❌ Error 86299807401792: Expecting value: line 1 column 1 (char 0)
2025-10-30 13:09:40,940 [INFO] ❌ Error 86299807401793: Expecting value: line 1 column 1 (char 0)
2025-10-30 13:09:41,478 [INFO] ❌ Error 86299807401794: Expecting value: line 1 column 1 (char 0)
2025-10-30 13:09:42,007 [INFO] ❌ Error 86299807401795: Expecting value: line 1 column 1 (char 0)
2025-10-30 13:09:42,537 [INFO] ❌ Error 86299807401796: Expecting value: line 1 column 1 (char 0)
2025-10-30 13:09:43,068 [INFO] ❌ Error 86299807401797: Expecting value: line 1 column 1 (char 0)
2025-10-30 13:09:43,606 [INFO] ❌ Error 86299807401798: Expecting value: line 1 column 1 (char 0)
2025-10-30 13:09:44,140 [INFO] ❌ Error 86299807401799: Expecting value: line 1 column 1 (char 0)
2025-10-30 13:09:44,676 [INFO] ❌ Error 86299807401800: Expecting value: line 1 column 1 (char 0)
2025-10-30 13:09:45,210 [INFO] ❌ Error 86299807401801: Expecting value: line 1 column 1 (char 0)
2025-10-30 13:09:45,741 [INFO] ❌ Error 86299807401802: Expecting value: line 1 column 1 (char 0)
2025-10-30 13:09:46,270 [INFO] ❌ Error 86299807401803: Expecting value: line 1 column 1 (char 0)
2025-10-30 13:09:46,819 [INFO] ❌ Error 86299807401804: Expecting value: line 1 column 1 (char 0)
2025-10-30 13:09:47,348 [INFO] ❌ Error 86299807401805: Expecting value: line 1 column 1 (char 0)
2025-10-30 13:09:47,878 [INFO] ❌ Error 86299807401806: Expecting value: line 1 column 1 (char 0)
2025-10-30 13:09:48,407 [INFO] ❌ Error 86299807401807: Expecting value: line 1 column 1 (char 0)
2025-10-30 13:09:48,937 [INFO] ❌ Error 86299807401808: Expecting value: line 1 column 1 (char 0)
2025-10-30 13:09:49,481 [INFO] ❌ Error 86299807401809: Expecting value: line 1 column 1 (char 0)
2025-10-30 13:09:50,014 [INFO] ❌ Error 86299807401810: Expecting value: line 1 column 1 (char 0)
2025-10-30 13:09:50,548 [INFO] ❌ Error 86299807401811: Expecting value: line 1 column 1 (char 0)
2025-10-30 13:09:51,082 [INFO] ❌ Error 86299807401812: Expecting value: line 1 column 1 (char 0)
2025-10-30 13:09:51,615 [INFO] ❌ Error 86299807401813: Expecting value: line 1 column 1 (char 0)
2025-10-30 13:09:52,149 [INFO] ❌ Error 86299807401814: Expecting value: line 1 column 1 (char 0)
2025-10-30 13:09:52,686 [INFO] ❌ Error 86299807401815: Expecting value: line 1 column 1 (char 0)
2025-10-30 13:09:53,209 [INFO] ❌ Error 86299807401816: Expecting value: line 1 column 1 (char 0)
2025-10-30 13:09:53,742 [INFO] ❌ Error 86299807401817: Expecting value: line 1 column 1 (char 0)
2025-10-30 13:09:54,277 [INFO] ❌ Error 86299807401818: Expecting value: line 1 column 1 (char 0)
2025-10-30 13:09:54,807 [INFO] ❌ Error 86299807401819: Expecting value: line 1 column 1 (char 0)
2025-10-30 13:09:55,336 [INFO] ❌ Error 86299807401820: Expecting value: line 1 column 1 (char 0)
2025-10-30 13:09:55,868 [INFO] ❌ Error 86299807401821: Expecting value: line 1 column 1 (char 0)
2025-10-30 13:09:56,401 [INFO] ❌ Error 86299807401822: Expecting value: line 1 column 1 (char 0)
2025-10-30 13:09:56,945 [INFO] ❌ Error 86299807401823: Expecting value: line 1 column 1 (char 0)
2025-10-30 13:09:57,472 [INFO] ❌ Error 86299807401824: Expecting value: line 1 column 1 (char 0)
2025-10-30 13:09:58,005 [INFO] ❌ Error 86299807401825: Expecting value: line 1 column 1 (char 0)
2025-10-30 13:09:58,559 [INFO] ❌ Error 86299807401826: Expecting value: line 1 column 1 (char 0)
2025-10-30 13:09:59,093 [INFO] ❌ Error 86299807401827: Expecting value: line 1 column 1 (char 0)
2025-10-30 13:09:59,625 [INFO] ❌ Error 86299807401828: Expecting value: line 1 column 1 (char 0)
2025-10-30 13:10:00,160 [INFO] ❌ Error 86299807401829: Expecting value: line 1 column 1 (char 0)
2025-10-30 13:10:00,699 [INFO] ❌ Error 86299807401830: Expecting value: line 1 column 1 (char 0)
2025-10-30 13:10:01,236 [INFO] ❌ Error 86299807401831: Expecting value: line 1 column 1 (char 0)
2025-10-30 13:10:01,774 [INFO] ❌ Error 86299807401832: Expecting value: line 1 column 1 (char 0)
2025-10-30 13:10:02,305 [INFO] ❌ Error 86299807401833: Expecting value: line 1 column 1 (char 0)
2025-10-30 13:10:02,839 [INFO] ❌ Error 86299807401834: Expecting value: line 1 column 1 (char 0)
2025-10-30 13:10:03,377 [INFO] ❌ Error 86299807401835: Expecting value: line 1 column 1 (char 0)
2025-10-30 13:10:03,963 [INFO] ❌ Error 86299807401836: Expecting value: line 1 column 1 (char 0)
2025-10-30 13:10:04,495 [INFO] ❌ Error 86299807401837: Expecting value: line 1 column 1 (char 0)
2025-10-30 13:10:05,032 [INFO] ❌ Error 86299807401838: Expecting value: line 1 column 1 (char 0)
2025-10-30 13:10:05,565 [INFO] ❌ Error 86299807401839: Expecting value: line 1 column 1 (char 0)
2025-10-30 13:10:06,095 [INFO] ❌ Error 86299807401840: Expecting value: line 1 column 1 (char 0)
2025-10-30 13:10:06,632 [INFO] ❌ Error 86299807401841: Expecting value: line 1 column 1 (char 0)
2025-10-30 13:10:07,170 [INFO] ❌ Error 86299807401842: Expecting value: line 1 column 1 (char 0)
2025-10-30 13:10:07,712 [INFO] ❌ Error 86299807401843: Expecting value: line 1 column 1 (char 0)
2025-10-30 13:10:08,250 [INFO] ❌ Error 86299807401844: Expecting value: line 1 column 1 (char 0)
2025-10-30 13:10:08,782 [INFO] ❌ Error 86299807401845: Expecting value: line 1 column 1 (char 0)
2025-10-30 13:10:09,318 [INFO] ❌ Error 86299807401846: Expecting value: line 1 column 1 (char 0)
2025-10-30 13:10:09,850 [INFO] ❌ Error 86299807401847: Expecting value: line 1 column 1 (char 0)
2025-10-30 13:10:10,384 [INFO] ❌ Error 86299807401848: Expecting value: line 1 column 1 (char 0)
2025-10-30 13:10:10,920 [INFO] ❌ Error 86299807401849: Expecting value: line 1 column 1 (char 0)
2025-10-30 13:10:11,451 [INFO] ❌ Error 86299807401850: Expecting value: line 1 column 1 (char 0)
2025-10-30 13:10:11,984 [INFO] ❌ Error 86299807401851: Expecting value: line 1 column 1 (char 0)
2025-10-30 13:10:12,518 [INFO] ❌ Error 86299807401852: Expecting value: line 1 column 1 (char 0)
2025-10-30 13:10:13,057 [INFO] ❌ Error 86299807401853: Expecting value: line 1 column 1 (char 0)
2025-10-30 13:10:13,592 [INFO] ❌ Error 86299807401854: Expecting value: line 1 column 1 (char 0)
2025-10-30 13:10:14,127 [INFO] ❌ Error 86299807401855: Expecting value: line 1 column 1 (char 0)
2025-10-30 13:10:14,660 [INFO] ❌ Error 86299807401856: Expecting value: line 1 column 1 (char 0)
2025-10-30 13:10:15,209 [INFO] ❌ Error 86299807401857: Expecting value: line 1 column 1 (char 0)
2025-10-30 13:10:15,753 [INFO] ❌ Error 86299807401858: Expecting value: line 1 column 1 (char 0)
2025-10-30 13:10:16,287 [INFO] ❌ Error 86299807401859: Expecting value: line 1 column 1 (char 0)
2025-10-30 13:10:16,818 [INFO] ❌ Error 86299807401860: Expecting value: line 1 column 1 (char 0)
2025-10-30 13:10:17,350 [INFO] ❌ Error 86299807401861: Expecting value: line 1 column 1 (char 0)
2025-10-30 13:10:17,886 [INFO] ❌ Error 86299807401862: Expecting value: line 1 column 1 (char 0)
2025-10-30 13:10:18,421 [INFO] ❌ Error 86299807401863: Expecting value: line 1 column 1 (char 0)
2025-10-30 13:10:18,972 [INFO] ❌ Error 86299807401864: Expecting value: line 1 column 1 (char 0)
2025-10-30 13:10:19,556 [INFO] ❌ Error 86299807401865: Expecting value: line 1 column 1 (char 0)
2025-10-30 13:10:20,086 [INFO] ❌ Error 86299807401866: Expecting value: line 1 column 1 (char 0)
2025-10-30 13:10:20,619 [INFO] ❌ Error 86299807401867: Expecting value: line 1 column 1 (char 0)
2025-10-30 13:10:21,154 [INFO] ❌ Error 86299807401868: Expecting value: line 1 column 1 (char 0)
2025-10-30 13:10:21,700 [INFO] ❌ Error 86299807401869: Expecting value: line 1 column 1 (char 0)
2025-10-30 13:10:22,229 [INFO] ❌ Error 86299807401870: Expecting value: line 1 column 1 (char 0)
2025-10-30 13:10:22,783 [INFO] ❌ Error 86299807401871: Expecting value: line 1 column 1 (char 0)
2025-10-30 13:10:23,320 [INFO] ❌ Error 86299807401872: Expecting value: line 1 column 1 (char 0)
2025-10-30 13:10:23,854 [INFO] ❌ Error 86299807401873: Expecting value: line 1 column 1 (char 0)
2025-10-30 13:10:24,386 [INFO] ❌ Error 86299807401874: Expecting value: line 1 column 1 (char 0)
2025-10-30 13:10:24,914 [INFO] ❌ Error 86299807401875: Expecting value: line 1 column 1 (char 0)
2025-10-30 13:10:25,447 [INFO] ❌ Error 86299807401876: Expecting value: line 1 column 1 (char 0)
2025-10-30 13:10:25,982 [INFO] ❌ Error 86299807401877: Expecting value: line 1 column 1 (char 0)
2025-10-30 13:10:26,510 [INFO] ❌ Error 86299807401878: Expecting value: line 1 column 1 (char 0)
2025-10-30 13:10:27,043 [INFO] ❌ Error 86299807401879: Expecting value: line 1 column 1 (char 0)
2025-10-30 13:10:27,581 [INFO] ❌ Error 86299807401880: Expecting value: line 1 column 1 (char 0)
2025-10-30 13:10:28,121 [INFO] ❌ Error 86299807401881: Expecting value: line 1 column 1 (char 0)
2025-10-30 13:10:28,663 [INFO] ❌ Error 86299807401882: Expecting value: line 1 column 1 (char 0)
2025-10-30 13:10:29,194 [INFO] ❌ Error 86299807401883: Expecting value: line 1 column 1 (char 0)
2025-10-30 13:10:29,728 [INFO] ❌ Error 86299807401884: Expecting value: line 1 column 1 (char 0)
2025-10-30 13:10:30,260 [INFO] ❌ Error 86299807401885: Expecting value: line 1 column 1 (char 0)
2025-10-30 13:10:30,795 [INFO] ❌ Error 86299807401886: Expecting value: line 1 column 1 (char 0)
2025-10-30 13:10:31,324 [INFO] ❌ Error 86299807401887: Expecting value: line 1 column 1 (char 0)
2025-10-30 13:10:31,855 [INFO] ❌ Error 86299807401888: Expecting value: line 1 column 1 (char 0)
2025-10-30 13:10:32,384 [INFO] ❌ Error 86299807401889: Expecting value: line 1 column 1 (char 0)
2025-10-30 13:10:32,915 [INFO] ❌ Error 86299807401890: Expecting value: line 1 column 1 (char 0)
2025-10-30 13:10:33,450 [INFO] ❌ Error 86299807401891: Expecting value: line 1 column 1 (char 0)
2025-10-30 13:10:33,982 [INFO] ❌ Error 86299807401892: Expecting value: line 1 column 1 (char 0)
2025-10-30 13:10:34,511 [INFO] ❌ Error 86299807401893: Expecting value: line 1 column 1 (char 0)
2025-10-30 13:10:35,052 [INFO] ❌ Error 86299807401894: Expecting value: line 1 column 1 (char 0)
2025-10-30 13:10:35,591 [INFO] ❌ Error 86299807401895: Expecting value: line 1 column 1 (char 0)
2025-10-30 13:10:36,122 [INFO] ❌ Error 86299807401896: Expecting value: line 1 column 1 (char 0)
2025-10-30 13:10:36,657 [INFO] ❌ Error 86299807401897: Expecting value: line 1 column 1 (char 0)
2025-10-30 13:10:37,194 [INFO] ❌ Error 86299807401898: Expecting value: line 1 column 1 (char 0)
2025-10-30 13:10:37,722 [INFO] ❌ Error 86299807401899: Expecting value: line 1 column 1 (char 0)
2025-10-30 13:10:38,259 [INFO] ❌ Error 86299807401900: Expecting value: line 1 column 1 (char 0)
2025-10-30 13:10:38,793 [INFO] ❌ Error 86299807401901: Expecting value: line 1 column 1 (char 0)
2025-10-30 13:10:39,320 [INFO] ❌ Error 86299807401902: Expecting value: line 1 column 1 (char 0)
2025-10-30 13:10:39,845 [INFO] ❌ Error 86299807401903: Expecting value: line 1 column 1 (char 0)
2025-10-30 13:10:40,376 [INFO] ❌ Error 86299807401904: Expecting value: line 1 column 1 (char 0)
2025-10-30 13:10:40,911 [INFO] ❌ Error 86299807401905: Expecting value: line 1 column 1 (char 0)
2025-10-30 13:10:41,441 [INFO] ❌ Error 86299807401906: Expecting value: line 1 column 1 (char 0)
2025-10-30 13:10:41,980 [INFO] ❌ Error 86299807401907: Expecting value: line 1 column 1 (char 0)
2025-10-30 13:10:42,512 [INFO] ❌ Error 86299807401908: Expecting value: line 1 column 1 (char 0)
2025-10-30 13:10:43,043 [INFO] ❌ Error 86299807401909: Expecting value: line 1 column 1 (char 0)
2025-10-30 13:10:43,575 [INFO] ❌ Error 86299807401910: Expecting value: line 1 column 1 (char 0)
2025-10-30 13:10:44,108 [INFO] ❌ Error 86299807401911: Expecting value: line 1 column 1 (char 0)
2025-10-30 13:10:44,641 [INFO] ❌ Error 86299807401912: Expecting value: line 1 column 1 (char 0)
2025-10-30 13:10:45,173 [INFO] ❌ Error 86299807401913: Expecting value: line 1 column 1 (char 0)
2025-10-30 13:10:45,698 [INFO] ❌ Error 86299807401914: Expecting value: line 1 column 1 (char 0)
2025-10-30 13:10:46,225 [INFO] ❌ Error 86299807401915: Expecting value: line 1 column 1 (char 0)
2025-10-30 13:10:46,763 [INFO] ❌ Error 86299807401916: Expecting value: line 1 column 1 (char 0)
2025-10-30 13:10:47,297 [INFO] ❌ Error 86299807401917: Expecting value: line 1 column 1 (char 0)
2025-10-30 13:10:47,826 [INFO] ❌ Error 86299807401918: Expecting value: line 1 column 1 (char 0)
2025-10-30 13:10:48,360 [INFO] ❌ Error 86299807401919: Expecting value: line 1 column 1 (char 0)
2025-10-30 13:10:48,888 [INFO] ❌ Error 86299807401920: Expecting value: line 1 column 1 (char 0)
2025-10-30 13:10:49,419 [INFO] ❌ Error 86299807401921: Expecting value: line 1 column 1 (char 0)
2025-10-30 13:10:49,953 [INFO] ❌ Error 86299807401922: Expecting value: line 1 column 1 (char 0)
2025-10-30 13:10:50,478 [INFO] ❌ Error 86299807401923: Expecting value: line 1 column 1 (char 0)
2025-10-30 13:10:51,011 [INFO] ❌ Error 86299807401924: Expecting value: line 1 column 1 (char 0)
2025-10-30 13:10:51,544 [INFO] ❌ Error 86299807401925: Expecting value: line 1 column 1 (char 0)
2025-10-30 13:10:52,075 [INFO] ❌ Error 86299807401926: Expecting value: line 1 column 1 (char 0)
2025-10-30 13:10:52,601 [INFO] ❌ Error 86299807401927: Expecting value: line 1 column 1 (char 0)
2025-10-30 13:10:53,136 [INFO] ❌ Error 86299807401928: Expecting value: line 1 column 1 (char 0)
2025-10-30 13:10:53,677 [INFO] ❌ Error 86299807401929: Expecting value: line 1 column 1 (char 0)
2025-10-30 13:10:54,211 [INFO] ❌ Error 86299807401930: Expecting value: line 1 column 1 (char 0)
2025-10-30 13:10:54,738 [INFO] ❌ Error 86299807401931: Expecting value: line 1 column 1 (char 0)
2025-10-30 13:10:55,272 [INFO] ❌ Error 86299807401932: Expecting value: line 1 column 1 (char 0)
2025-10-30 13:10:55,802 [INFO] ❌ Error 86299807401933: Expecting value: line 1 column 1 (char 0)
2025-10-30 13:10:56,330 [INFO] ❌ Error 86299807401934: Expecting value: line 1 column 1 (char 0)
2025-10-30 13:10:56,867 [INFO] ❌ Error 86299807401935: Expecting value: line 1 column 1 (char 0)
2025-10-30 13:10:57,395 [INFO] ❌ Error 86299807401936: Expecting value: line 1 column 1 (char 0)
2025-10-30 13:10:57,927 [INFO] ❌ Error 86299807401937: Expecting value: line 1 column 1 (char 0)
2025-10-30 13:10:58,453 [INFO] ❌ Error 86299807401938: Expecting value: line 1 column 1 (char 0)
2025-10-30 13:10:58,983 [INFO] ❌ Error 86299807401939: Expecting value: line 1 column 1 (char 0)
2025-10-30 13:10:59,516 [INFO] ❌ Error 86299807401940: Expecting value: line 1 column 1 (char 0)
2025-10-30 13:11:00,049 [INFO] ❌ Error 86299807401941: Expecting value: line 1 column 1 (char 0)
2025-10-30 13:11:00,660 [INFO] ❌ Error 86299807401942: Expecting value: line 1 column 1 (char 0)
2025-10-30 13:11:01,201 [INFO] ❌ Error 86299807401943: Expecting value: line 1 column 1 (char 0)
2025-10-30 13:11:01,730 [INFO] ❌ Error 86299807401944: Expecting value: line 1 column 1 (char 0)
2025-10-30 13:11:02,260 [INFO] ❌ Error 86299807401945: Expecting value: line 1 column 1 (char 0)
2025-10-30 13:11:02,788 [INFO] ❌ Error 86299807401946: Expecting value: line 1 column 1 (char 0)
2025-10-30 13:11:03,322 [INFO] ❌ Error 86299807401947: Expecting value: line 1 column 1 (char 0)
2025-10-30 13:11:03,853 [INFO] ❌ Error 86299807401948: Expecting value: line 1 column 1 (char 0)
2025-10-30 13:11:04,381 [INFO] ❌ Error 86299807401949: Expecting value: line 1 column 1 (char 0)
2025-10-30 13:11:04,918 [INFO] ❌ Error 86299807401950: Expecting value: line 1 column 1 (char 0)
2025-10-30 13:11:05,448 [INFO] ❌ Error 86299807401951: Expecting value: line 1 column 1 (char 0)
2025-10-30 13:11:05,981 [INFO] ❌ Error 86299807401952: Expecting value: line 1 column 1 (char 0)
2025-10-30 13:11:06,515 [INFO] ❌ Error 86299807401953: Expecting value: line 1 column 1 (char 0)
2025-10-30 13:11:07,051 [INFO] ❌ Error 86299807401954: Expecting value: line 1 column 1 (char 0)
2025-10-30 13:11:07,582 [INFO] ❌ Error 86299807401955: Expecting value: line 1 column 1 (char 0)
2025-10-30 13:11:08,117 [INFO] ❌ Error 86299807401956: Expecting value: line 1 column 1 (char 0)
2025-10-30 13:11:08,651 [INFO] ❌ Error 86299807401957: Expecting value: line 1 column 1 (char 0)
2025-10-30 13:11:09,184 [INFO] ❌ Error 86299807401958: Expecting value: line 1 column 1 (char 0)
2025-10-30 13:11:09,707 [INFO] ❌ Error 86299807401959: Expecting value: line 1 column 1 (char 0)
2025-10-30 13:11:10,243 [INFO] ❌ Error 86299807401960: Expecting value: line 1 column 1 (char 0)
2025-10-30 13:11:10,779 [INFO] ❌ Error 86299807401961: Expecting value: line 1 column 1 (char 0)
2025-10-30 13:11:11,318 [INFO] ❌ Error 86299807401962: Expecting value: line 1 column 1 (char 0)
2025-10-30 13:11:11,851 [INFO] ❌ Error 86299807401963: Expecting value: line 1 column 1 (char 0)
2025-10-30 13:11:12,385 [INFO] ❌ Error 86299807401964: Expecting value: line 1 column 1 (char 0)
2025-10-30 13:11:12,922 [INFO] ❌ Error 86299807401965: Expecting value: line 1 column 1 (char 0)
2025-10-30 13:11:13,463 [INFO] ❌ Error 86299807401966: Expecting value: line 1 column 1 (char 0)
2025-10-30 13:11:13,991 [INFO] ❌ Error 86299807401967: Expecting value: line 1 column 1 (char 0)
2025-10-30 13:11:14,517 [INFO] ❌ Error 86299807401968: Expecting value: line 1 column 1 (char 0)
2025-10-30 13:11:15,045 [INFO] ❌ Error 86299807401969: Expecting value: line 1 column 1 (char 0)
2025-10-30 13:11:15,568 [INFO] ❌ Error 86299807401970: Expecting value: line 1 column 1 (char 0)
2025-10-30 13:11:16,100 [INFO] ❌ Error 86299807401971: Expecting value: line 1 column 1 (char 0)
2025-10-30 13:11:16,633 [INFO] ❌ Error 86299807401972: Expecting value: line 1 column 1 (char 0)
2025-10-30 13:11:17,162 [INFO] ❌ Error 86299807401973: Expecting value: line 1 column 1 (char 0)
2025-10-30 13:11:17,694 [INFO] ❌ Error 86299807401974: Expecting value: line 1 column 1 (char 0)
2025-10-30 13:11:18,218 [INFO] ❌ Error 86299807401975: Expecting value: line 1 column 1 (char 0)
2025-10-30 13:11:18,754 [INFO] ❌ Error 86299807401976: Expecting value: line 1 column 1 (char 0)
2025-10-30 13:11:19,288 [INFO] ❌ Error 86299807401977: Expecting value: line 1 column 1 (char 0)
2025-10-30 13:11:19,820 [INFO] ❌ Error 86299807401978: Expecting value: line 1 column 1 (char 0)
2025-10-30 13:11:20,351 [INFO] ❌ Error 86299807401979: Expecting value: line 1 column 1 (char 0)
2025-10-30 13:11:20,884 [INFO] ❌ Error 86299807401980: Expecting value: line 1 column 1 (char 0)
2025-10-30 13:11:21,413 [INFO] ❌ Error 86299807401981: Expecting value: line 1 column 1 (char 0)
2025-10-30 13:11:21,950 [INFO] ❌ Error 86299807401982: Expecting value: line 1 column 1 (char 0)
2025-10-30 13:11:22,480 [INFO] ❌ Error 86299807401983: Expecting value: line 1 column 1 (char 0)
2025-10-30 13:11:23,012 [INFO] ❌ Error 86299807401984: Expecting value: line 1 column 1 (char 0)
2025-10-30 13:11:23,558 [INFO] ❌ Error 86299807401985: Expecting value: line 1 column 1 (char 0)
2025-10-30 13:11:24,092 [INFO] ❌ Error 86299807401986: Expecting value: line 1 column 1 (char 0)
2025-10-30 13:11:24,618 [INFO] ❌ Error 86299807401987: Expecting value: line 1 column 1 (char 0)
2025-10-30 13:11:25,147 [INFO] ❌ Error 86299807401988: Expecting value: line 1 column 1 (char 0)
2025-10-30 13:11:25,683 [INFO] ❌ Error 86299807401989: Expecting value: line 1 column 1 (char 0)
2025-10-30 13:11:26,212 [INFO] ❌ Error 86299807401990: Expecting value: line 1 column 1 (char 0)
2025-10-30 13:11:26,736 [INFO] ❌ Error 86299807401991: Expecting value: line 1 column 1 (char 0)
2025-10-30 13:11:27,263 [INFO] ❌ Error 86299807401992: Expecting value: line 1 column 1 (char 0)
2025-10-30 13:11:27,792 [INFO] ❌ Error 86299807401993: Expecting value: line 1 column 1 (char 0)
2025-10-30 13:11:28,330 [INFO] ❌ Error 86299807401994: Expecting value: line 1 column 1 (char 0)
2025-10-30 13:11:28,860 [INFO] ❌ Error 86299807401995: Expecting value: line 1 column 1 (char 0)
2025-10-30 13:11:29,391 [INFO] ❌ Error 86299807401996: Expecting value: line 1 column 1 (char 0)
2025-10-30 13:11:29,935 [INFO] ❌ Error 86299807401997: Expecting value: line 1 column 1 (char 0)
2025-10-30 13:11:30,476 [INFO] ❌ Error 86299807401998: Expecting value: line 1 column 1 (char 0)
2025-10-30 13:11:31,007 [INFO] ❌ Error 86299807401999: Expecting value: line 1 column 1 (char 0)
2025-10-30 13:11:31,537 [INFO] ❌ Error 86299807402000: Expecting value: line 1 column 1 (char 0)
2025-10-30 13:11:32,075 [INFO] ❌ Error 86299807402001: Expecting value: line 1 column 1 (char 0)
2025-10-30 13:11:32,614 [INFO] ❌ Error 86299807402002: Expecting value: line 1 column 1 (char 0)
2025-10-30 13:11:33,148 [INFO] ❌ Error 86299807402003: Expecting value: line 1 column 1 (char 0)
2025-10-30 13:11:33,681 [INFO] ❌ Error 86299807402004: Expecting value: line 1 column 1 (char 0)
2025-10-30 13:11:34,217 [INFO] ❌ Error 86299807402005: Expecting value: line 1 column 1 (char 0)
2025-10-30 13:11:34,747 [INFO] ❌ Error 86299807402006: Expecting value: line 1 column 1 (char 0)
2025-10-30 13:11:35,273 [INFO] ❌ Error 86299807402007: Expecting value: line 1 column 1 (char 0)
2025-10-30 13:11:35,804 [INFO] ❌ Error 86299807402008: Expecting value: line 1 column 1 (char 0)
2025-10-30 13:11:36,338 [INFO] ❌ Error 86299807402009: Expecting value: line 1 column 1 (char 0)
2025-10-30 13:11:36,944 [INFO] ❌ Error 86299807402010: Expecting value: line 1 column 1 (char 0)
2025-10-30 13:11:37,480 [INFO] ❌ Error 86299807402011: Expecting value: line 1 column 1 (char 0)
2025-10-30 13:11:38,015 [INFO] ❌ Error 86299807402012: Expecting value: line 1 column 1 (char 0)
2025-10-30 13:11:38,548 [INFO] ❌ Error 86299807402013: Expecting value: line 1 column 1 (char 0)
2025-10-30 13:11:39,070 [INFO] ❌ Error 86299807402014: Expecting value: line 1 column 1 (char 0)
2025-10-30 13:11:39,603 [INFO] ❌ Error 86299807402015: Expecting value: line 1 column 1 (char 0)
2025-10-30 13:11:40,155 [INFO] ❌ Error 86299807402016: Expecting value: line 1 column 1 (char 0)
2025-10-30 13:11:40,681 [INFO] ❌ Error 86299807402017: Expecting value: line 1 column 1 (char 0)
2025-10-30 13:11:41,206 [INFO] ❌ Error 86299807402018: Expecting value: line 1 column 1 (char 0)
2025-10-30 13:11:41,734 [INFO] ❌ Error 86299807402019: Expecting value: line 1 column 1 (char 0)
2025-10-30 13:11:42,259 [INFO] ❌ Error 86299807402020: Expecting value: line 1 column 1 (char 0)
2025-10-30 13:11:42,796 [INFO] ❌ Error 86299807402021: Expecting value: line 1 column 1 (char 0)
2025-10-30 13:11:43,349 [INFO] ❌ Error 86299807402022: Expecting value: line 1 column 1 (char 0)
2025-10-30 13:11:43,877 [INFO] ❌ Error 86299807402023: Expecting value: line 1 column 1 (char 0)
2025-10-30 13:11:44,413 [INFO] ❌ Error 86299807402024: Expecting value: line 1 column 1 (char 0)
2025-10-30 13:11:44,949 [INFO] ❌ Error 86299807402025: Expecting value: line 1 column 1 (char 0)
2025-10-30 13:11:45,482 [INFO] ❌ Error 86299807402026: Expecting value: line 1 column 1 (char 0)
2025-10-30 13:11:46,015 [INFO] ❌ Error 86299807402027: Expecting value: line 1 column 1 (char 0)
2025-10-30 13:11:46,542 [INFO] ❌ Error 86299807402028: Expecting value: line 1 column 1 (char 0)
2025-10-30 13:11:47,075 [INFO] ❌ Error 86299807402029: Expecting value: line 1 column 1 (char 0)
2025-10-30 13:11:47,611 [INFO] ❌ Error 86299807402030: Expecting value: line 1 column 1 (char 0)
2025-10-30 13:11:48,149 [INFO] ❌ Error 86299807402031: Expecting value: line 1 column 1 (char 0)
2025-10-30 13:11:48,684 [INFO] ❌ Error 86299807402032: Expecting value: line 1 column 1 (char 0)
2025-10-30 13:11:49,212 [INFO] ❌ Error 86299807402033: Expecting value: line 1 column 1 (char 0)
2025-10-30 13:11:49,749 [INFO] ❌ Error 86299807402034: Expecting value: line 1 column 1 (char 0)
2025-10-30 13:11:50,290 [INFO] ❌ Error 86299807402035: Expecting value: line 1 column 1 (char 0)
2025-10-30 13:11:50,821 [INFO] ❌ Error 86299807402036: Expecting value: line 1 column 1 (char 0)
2025-10-30 13:11:51,350 [INFO] ❌ Error 86299807402037: Expecting value: line 1 column 1 (char 0)
2025-10-30 13:11:51,880 [INFO] ❌ Error 86299807402038: Expecting value: line 1 column 1 (char 0)
2025-10-30 13:11:52,423 [INFO] ❌ Error 86299807402039: Expecting value: line 1 column 1 (char 0)
2025-10-30 13:11:52,961 [INFO] ❌ Error 86299807402040: Expecting value: line 1 column 1 (char 0)
2025-10-30 13:11:53,494 [INFO] ❌ Error 86299807402041: Expecting value: line 1 column 1 (char 0)
2025-10-30 13:11:54,025 [INFO] ❌ Error 86299807402042: Expecting value: line 1 column 1 (char 0)
2025-10-30 13:11:54,573 [INFO] ❌ Error 86299807402043: Expecting value: line 1 column 1 (char 0)
2025-10-30 13:11:55,100 [INFO] ❌ Error 86299807402044: Expecting value: line 1 column 1 (char 0)
2025-10-30 13:11:55,635 [INFO] ❌ Error 86299807402045: Expecting value: line 1 column 1 (char 0)
2025-10-30 13:11:56,169 [INFO] ❌ Error 86299807402046: Expecting value: line 1 column 1 (char 0)
2025-10-30 13:11:56,699 [INFO] ❌ Error 86299807402047: Expecting value: line 1 column 1 (char 0)
2025-10-30 13:11:57,227 [INFO] ❌ Error 86299807402048: Expecting value: line 1 column 1 (char 0)
2025-10-30 13:11:57,759 [INFO] ❌ Error 86299807402049: Expecting value: line 1 column 1 (char 0)
2025-10-30 13:11:58,291 [INFO] ❌ Error 86299807402050: Expecting value: line 1 column 1 (char 0)
2025-10-30 13:11:58,816 [INFO] ❌ Error 86299807402051: Expecting value: line 1 column 1 (char 0)
2025-10-30 13:11:59,351 [INFO] ❌ Error 86299807402052: Expecting value: line 1 column 1 (char 0)
2025-10-30 13:11:59,882 [INFO] ❌ Error 86299807402053: Expecting value: line 1 column 1 (char 0)
2025-10-30 13:12:00,411 [INFO] ❌ Error 86299807402054: Expecting value: line 1 column 1 (char 0)
2025-10-30 13:12:00,944 [INFO] ❌ Error 86299807402055: Expecting value: line 1 column 1 (char 0)
2025-10-30 13:12:01,470 [INFO] ❌ Error 86299807402056: Expecting value: line 1 column 1 (char 0)
2025-10-30 13:12:02,003 [INFO] ❌ Error 86299807402057: Expecting value: line 1 column 1 (char 0)
2025-10-30 13:12:02,545 [INFO] ❌ Error 86299807402058: Expecting value: line 1 column 1 (char 0)
2025-10-30 13:12:03,090 [INFO] ❌ Error 86299807402059: Expecting value: line 1 column 1 (char 0)
2025-10-30 13:12:03,624 [INFO] ❌ Error 86299807402060: Expecting value: line 1 column 1 (char 0)
2025-10-30 13:12:04,159 [INFO] ❌ Error 86299807402061: Expecting value: line 1 column 1 (char 0)
2025-10-30 13:12:04,687 [INFO] ❌ Error 86299807402062: Expecting value: line 1 column 1 (char 0)
2025-10-30 13:12:05,217 [INFO] ❌ Error 86299807402063: Expecting value: line 1 column 1 (char 0)
2025-10-30 13:12:05,751 [INFO] ❌ Error 86299807402064: Expecting value: line 1 column 1 (char 0)
2025-10-30 13:12:06,279 [INFO] ❌ Error 86299807402065: Expecting value: line 1 column 1 (char 0)
2025-10-30 13:12:06,807 [INFO] ❌ Error 86299807402066: Expecting value: line 1 column 1 (char 0)
2025-10-30 13:12:07,342 [INFO] ❌ Error 86299807402067: Expecting value: line 1 column 1 (char 0)
2025-10-30 13:12:07,873 [INFO] ❌ Error 86299807402068: Expecting value: line 1 column 1 (char 0)
2025-10-30 13:12:08,410 [INFO] ❌ Error 86299807402069: Expecting value: line 1 column 1 (char 0)
2025-10-30 13:12:08,945 [INFO] ❌ Error 86299807402070: Expecting value: line 1 column 1 (char 0)
2025-10-30 13:12:09,483 [INFO] ❌ Error 86299807402071: Expecting value: line 1 column 1 (char 0)
2025-10-30 13:12:10,013 [INFO] ❌ Error 86299807402072: Expecting value: line 1 column 1 (char 0)
2025-10-30 13:12:10,541 [INFO] ❌ Error 86299807402073: Expecting value: line 1 column 1 (char 0)
2025-10-30 13:12:11,075 [INFO] ❌ Error 86299807402074: Expecting value: line 1 column 1 (char 0)
2025-10-30 13:12:11,608 [INFO] ❌ Error 86299807402075: Expecting value: line 1 column 1 (char 0)
2025-10-30 13:12:12,142 [INFO] ❌ Error 86299807402076: Expecting value: line 1 column 1 (char 0)
2025-10-30 13:12:12,681 [INFO] ❌ Error 86299807402077: Expecting value: line 1 column 1 (char 0)
2025-10-30 13:12:13,212 [INFO] ❌ Error 86299807402078: Expecting value: line 1 column 1 (char 0)
2025-10-30 13:12:13,751 [INFO] ❌ Error 86299807402079: Expecting value: line 1 column 1 (char 0)
2025-10-30 13:12:14,282 [INFO] ❌ Error 86299807402080: Expecting value: line 1 column 1 (char 0)
2025-10-30 13:12:14,820 [INFO] ❌ Error 86299807402081: Expecting value: line 1 column 1 (char 0)
2025-10-30 13:12:15,347 [INFO] ❌ Error 86299807402082: Expecting value: line 1 column 1 (char 0)
2025-10-30 13:12:15,885 [INFO] ❌ Error 86299807402083: Expecting value: line 1 column 1 (char 0)
2025-10-30 13:12:16,416 [INFO] ❌ Error 86299807402084: Expecting value: line 1 column 1 (char 0)
2025-10-30 13:12:16,944 [INFO] ❌ Error 86299807402085: Expecting value: line 1 column 1 (char 0)
2025-10-30 13:12:17,480 [INFO] ❌ Error 86299807402086: Expecting value: line 1 column 1 (char 0)
2025-10-30 13:12:18,014 [INFO] ❌ Error 86299807402087: Expecting value: line 1 column 1 (char 0)
2025-10-30 13:12:18,549 [INFO] ❌ Error 86299807402088: Expecting value: line 1 column 1 (char 0)
2025-10-30 13:12:19,076 [INFO] ❌ Error 86299807402089: Expecting value: line 1 column 1 (char 0)
2025-10-30 13:12:19,614 [INFO] ❌ Error 86299807402090: Expecting value: line 1 column 1 (char 0)
2025-10-30 13:12:20,140 [INFO] ❌ Error 86299807402091: Expecting value: line 1 column 1 (char 0)
2025-10-30 13:12:20,686 [INFO] ❌ Error 86299807402092: Expecting value: line 1 column 1 (char 0)
2025-10-30 13:12:21,222 [INFO] ❌ Error 86299807402093: Expecting value: line 1 column 1 (char 0)
2025-10-30 13:12:21,852 [INFO] ❌ Error 86299807402094: Expecting value: line 1 column 1 (char 0)
2025-10-30 13:12:22,389 [INFO] ❌ Error 86299807402095: Expecting value: line 1 column 1 (char 0)
2025-10-30 13:12:22,921 [INFO] ❌ Error 86299807402096: Expecting value: line 1 column 1 (char 0)
2025-10-30 13:12:23,454 [INFO] ❌ Error 86299807402097: Expecting value: line 1 column 1 (char 0)
2025-10-30 13:12:24,045 [INFO] ❌ Error 86299807402098: Expecting value: line 1 column 1 (char 0)
2025-10-30 13:12:24,583 [INFO] ❌ Error 86299807402099: Expecting value: line 1 column 1 (char 0)
2025-10-30 13:12:25,114 [INFO] ❌ Error 86299807402100: Expecting value: line 1 column 1 (char 0)
2025-10-30 13:12:25,636 [INFO] ❌ Error 86299807402101: Expecting value: line 1 column 1 (char 0)
2025-10-30 13:12:26,166 [INFO] ❌ Error 86299807402102: Expecting value: line 1 column 1 (char 0)
2025-10-30 13:12:26,692 [INFO] ❌ Error 86299807402103: Expecting value: line 1 column 1 (char 0)
2025-10-30 13:12:27,225 [INFO] ❌ Error 86299807402104: Expecting value: line 1 column 1 (char 0)
2025-10-30 13:12:27,752 [INFO] ❌ Error 86299807402105: Expecting value: line 1 column 1 (char 0)
2025-10-30 13:12:28,286 [INFO] ❌ Error 86299807402106: Expecting value: line 1 column 1 (char 0)
2025-10-30 13:12:28,821 [INFO] ❌ Error 86299807402107: Expecting value: line 1 column 1 (char 0)
2025-10-30 13:12:29,352 [INFO] ❌ Error 86299807402108: Expecting value: line 1 column 1 (char 0)
2025-10-30 13:12:29,880 [INFO] ❌ Error 86299807402109: Expecting value: line 1 column 1 (char 0)
2025-10-30 13:12:30,419 [INFO] ❌ Error 86299807402110: Expecting value: line 1 column 1 (char 0)
2025-10-30 13:12:30,954 [INFO] ❌ Error 86299807402111: Expecting value: line 1 column 1 (char 0)
2025-10-30 13:12:31,479 [INFO] ❌ Error 86299807402112: Expecting value: line 1 column 1 (char 0)
2025-10-30 13:12:32,009 [INFO] ❌ Error 86299807402113: Expecting value: line 1 column 1 (char 0)
2025-10-30 13:12:32,541 [INFO] ❌ Error 86299807402114: Expecting value: line 1 column 1 (char 0)
2025-10-30 13:12:33,072 [INFO] ❌ Error 86299807402115: Expecting value: line 1 column 1 (char 0)
2025-10-30 13:12:33,600 [INFO] ❌ Error 86299807402116: Expecting value: line 1 column 1 (char 0)
2025-10-30 13:12:34,130 [INFO] ❌ Error 86299807402117: Expecting value: line 1 column 1 (char 0)
2025-10-30 13:12:34,667 [INFO] ❌ Error 86299807402118: Expecting value: line 1 column 1 (char 0)
2025-10-30 13:12:35,196 [INFO] ❌ Error 86299807402119: Expecting value: line 1 column 1 (char 0)
2025-10-30 13:12:35,719 [INFO] ❌ Error 86299807402120: Expecting value: line 1 column 1 (char 0)
2025-10-30 13:12:36,248 [INFO] ❌ Error 86299807402121: Expecting value: line 1 column 1 (char 0)
2025-10-30 13:12:36,787 [INFO] ❌ Error 86299807402122: Expecting value: line 1 column 1 (char 0)
2025-10-30 13:12:37,318 [INFO] ❌ Error 86299807402123: Expecting value: line 1 column 1 (char 0)
2025-10-30 13:12:37,850 [INFO] ❌ Error 86299807402124: Expecting value: line 1 column 1 (char 0)
2025-10-30 13:12:38,384 [INFO] ❌ Error 86299807402125: Expecting value: line 1 column 1 (char 0)
2025-10-30 13:12:38,919 [INFO] ❌ Error 86299807402126: Expecting value: line 1 column 1 (char 0)
2025-10-30 13:12:39,446 [INFO] ❌ Error 86299807402127: Expecting value: line 1 column 1 (char 0)
2025-10-30 13:12:39,976 [INFO] ❌ Error 86299807402128: Expecting value: line 1 column 1 (char 0)
2025-10-30 13:12:40,503 [INFO] ❌ Error 86299807402129: Expecting value: line 1 column 1 (char 0)
2025-10-30 13:12:41,035 [INFO] ❌ Error 86299807402130: Expecting value: line 1 column 1 (char 0)
2025-10-30 13:12:41,561 [INFO] ❌ Error 86299807402131: Expecting value: line 1 column 1 (char 0)
2025-10-30 13:12:42,088 [INFO] ❌ Error 86299807402132: Expecting value: line 1 column 1 (char 0)
2025-10-30 13:12:42,625 [INFO] ❌ Error 86299807402133: Expecting value: line 1 column 1 (char 0)
2025-10-30 13:12:43,156 [INFO] ❌ Error 86299807402134: Expecting value: line 1 column 1 (char 0)
2025-10-30 13:12:43,694 [INFO] ❌ Error 86299807402135: Expecting value: line 1 column 1 (char 0)
2025-10-30 13:12:44,233 [INFO] ❌ Error 86299807402136: Expecting value: line 1 column 1 (char 0)
2025-10-30 13:12:44,773 [INFO] ❌ Error 86299807402137: Expecting value: line 1 column 1 (char 0)
2025-10-30 13:12:45,311 [INFO] ❌ Error 86299807402138: Expecting value: line 1 column 1 (char 0)
2025-10-30 13:12:45,842 [INFO] ❌ Error 86299807402139: Expecting value: line 1 column 1 (char 0)
2025-10-30 13:12:46,374 [INFO] ❌ Error 86299807402140: Expecting value: line 1 column 1 (char 0)
2025-10-30 13:12:46,911 [INFO] ❌ Error 86299807402141: Expecting value: line 1 column 1 (char 0)
2025-10-30 13:12:47,447 [INFO] ❌ Error 86299807402142: Expecting value: line 1 column 1 (char 0)
2025-10-30 13:12:47,979 [INFO] ❌ Error 86299807402143: Expecting value: line 1 column 1 (char 0)
2025-10-30 13:12:48,511 [INFO] ❌ Error 86299807402144: Expecting value: line 1 column 1 (char 0)
2025-10-30 13:12:49,033 [INFO] ❌ Error 86299807402145: Expecting value: line 1 column 1 (char 0)
2025-10-30 13:12:49,566 [INFO] ❌ Error 86299807402146: Expecting value: line 1 column 1 (char 0)
2025-10-30 13:12:50,094 [INFO] ❌ Error 86299807402147: Expecting value: line 1 column 1 (char 0)
2025-10-30 13:12:50,630 [INFO] ❌ Error 86299807402148: Expecting value: line 1 column 1 (char 0)
2025-10-30 13:12:51,170 [INFO] ❌ Error 86299807402149: Expecting value: line 1 column 1 (char 0)
2025-10-30 13:12:51,702 [INFO] ❌ Error 86299807402150: Expecting value: line 1 column 1 (char 0)
2025-10-30 13:12:52,237 [INFO] ❌ Error 86299807402151: Expecting value: line 1 column 1 (char 0)
2025-10-30 13:12:52,764 [INFO] ❌ Error 86299807402152: Expecting value: line 1 column 1 (char 0)
2025-10-30 13:12:53,299 [INFO] ❌ Error 86299807402153: Expecting value: line 1 column 1 (char 0)
2025-10-30 13:12:53,833 [INFO] ❌ Error 86299807402154: Expecting value: line 1 column 1 (char 0)
2025-10-30 13:12:54,365 [INFO] ❌ Error 86299807402155: Expecting value: line 1 column 1 (char 0)
2025-10-30 13:12:54,893 [INFO] ❌ Error 86299807402156: Expecting value: line 1 column 1 (char 0)
2025-10-30 13:12:55,424 [INFO] ❌ Error 86299807402157: Expecting value: line 1 column 1 (char 0)
2025-10-30 13:12:55,957 [INFO] ❌ Error 86299807402158: Expecting value: line 1 column 1 (char 0)
2025-10-30 13:12:56,499 [INFO] ❌ Error 86299807402159: Expecting value: line 1 column 1 (char 0)
2025-10-30 13:12:57,030 [INFO] ❌ Error 86299807402160: Expecting value: line 1 column 1 (char 0)
2025-10-30 13:12:57,556 [INFO] ❌ Error 86299807402161: Expecting value: line 1 column 1 (char 0)
2025-10-30 13:12:58,087 [INFO] ❌ Error 86299807402162: Expecting value: line 1 column 1 (char 0)
2025-10-30 13:12:58,625 [INFO] ❌ Error 86299807402163: Expecting value: line 1 column 1 (char 0)
2025-10-30 13:12:59,153 [INFO] ❌ Error 86299807402164: Expecting value: line 1 column 1 (char 0)
2025-10-30 13:12:59,687 [INFO] ❌ Error 86299807402165: Expecting value: line 1 column 1 (char 0)
2025-10-30 13:13:00,226 [INFO] ❌ Error 86299807402166: Expecting value: line 1 column 1 (char 0)
2025-10-30 13:13:00,752 [INFO] ❌ Error 86299807402167: Expecting value: line 1 column 1 (char 0)
2025-10-30 13:13:01,287 [INFO] ❌ Error 86299807402168: Expecting value: line 1 column 1 (char 0)
2025-10-30 13:13:01,818 [INFO] ❌ Error 86299807402169: Expecting value: line 1 column 1 (char 0)
2025-10-30 13:13:02,352 [INFO] ❌ Error 86299807402170: Expecting value: line 1 column 1 (char 0)
2025-10-30 13:13:02,883 [INFO] ❌ Error 86299807402171: Expecting value: line 1 column 1 (char 0)
2025-10-30 13:13:03,422 [INFO] ❌ Error 86299807402172: Expecting value: line 1 column 1 (char 0)
2025-10-30 13:13:03,961 [INFO] ❌ Error 86299807402173: Expecting value: line 1 column 1 (char 0)
2025-10-30 13:13:04,496 [INFO] ❌ Error 86299807402174: Expecting value: line 1 column 1 (char 0)
2025-10-30 13:13:05,027 [INFO] ❌ Error 86299807402175: Expecting value: line 1 column 1 (char 0)
2025-10-30 13:13:05,558 [INFO] ❌ Error 86299807402176: Expecting value: line 1 column 1 (char 0)
2025-10-30 13:13:06,185 [INFO] ❌ Error 86299807402177: Expecting value: line 1 column 1 (char 0)
2025-10-30 13:13:06,721 [INFO] ❌ Error 86299807402178: Expecting value: line 1 column 1 (char 0)
2025-10-30 13:13:07,259 [INFO] ❌ Error 86299807402179: Expecting value: line 1 column 1 (char 0)
2025-10-30 13:13:07,791 [INFO] ❌ Error 86299807402180: Expecting value: line 1 column 1 (char 0)
2025-10-30 13:13:08,320 [INFO] ❌ Error 86299807402181: Expecting value: line 1 column 1 (char 0)
2025-10-30 13:13:08,853 [INFO] ❌ Error 86299807402182: Expecting value: line 1 column 1 (char 0)
2025-10-30 13:13:09,381 [INFO] ❌ Error 86299807402183: Expecting value: line 1 column 1 (char 0)
2025-10-30 13:13:09,916 [INFO] ❌ Error 86299807402184: Expecting value: line 1 column 1 (char 0)
2025-10-30 13:13:10,452 [INFO] ❌ Error 86299807402185: Expecting value: line 1 column 1 (char 0)
2025-10-30 13:13:10,977 [INFO] ❌ Error 86299807402186: Expecting value: line 1 column 1 (char 0)
2025-10-30 13:13:11,507 [INFO] ❌ Error 86299807402187: Expecting value: line 1 column 1 (char 0)
2025-10-30 13:13:12,039 [INFO] ❌ Error 86299807402188: Expecting value: line 1 column 1 (char 0)
2025-10-30 13:13:12,570 [INFO] ❌ Error 86299807402189: Expecting value: line 1 column 1 (char 0)
2025-10-30 13:13:13,099 [INFO] ❌ Error 86299807402190: Expecting value: line 1 column 1 (char 0)
2025-10-30 13:13:13,634 [INFO] ❌ Error 86299807402191: Expecting value: line 1 column 1 (char 0)
2025-10-30 13:13:14,187 [INFO] ❌ Error 86299807402192: Expecting value: line 1 column 1 (char 0)
2025-10-30 13:13:14,715 [INFO] ❌ Error 86299807402193: Expecting value: line 1 column 1 (char 0)
2025-10-30 13:13:15,253 [INFO] ❌ Error 86299807402194: Expecting value: line 1 column 1 (char 0)
2025-10-30 13:13:15,776 [INFO] ❌ Error 86299807402195: Expecting value: line 1 column 1 (char 0)
2025-10-30 13:13:16,306 [INFO] ❌ Error 86299807402196: Expecting value: line 1 column 1 (char 0)
2025-10-30 13:13:16,835 [INFO] ❌ Error 86299807402197: Expecting value: line 1 column 1 (char 0)
2025-10-30 13:13:17,362 [INFO] ❌ Error 86299807402198: Expecting value: line 1 column 1 (char 0)
2025-10-30 13:13:17,896 [INFO] ❌ Error 86299807402199: Expecting value: line 1 column 1 (char 0)
2025-10-30 13:13:18,429 [INFO] ❌ Error 86299807402200: Expecting value: line 1 column 1 (char 0)
2025-10-30 13:13:18,966 [INFO] ❌ Error 86299807402201: Expecting value: line 1 column 1 (char 0)
2025-10-30 13:13:19,490 [INFO] ❌ Error 86299807402202: Expecting value: line 1 column 1 (char 0)
2025-10-30 13:13:20,021 [INFO] ❌ Error 86299807402203: Expecting value: line 1 column 1 (char 0)
2025-10-30 13:13:20,553 [INFO] ❌ Error 86299807402204: Expecting value: line 1 column 1 (char 0)
2025-10-30 13:13:21,085 [INFO] ❌ Error 86299807402205: Expecting value: line 1 column 1 (char 0)
2025-10-30 13:13:21,611 [INFO] ❌ Error 86299807402206: Expecting value: line 1 column 1 (char 0)
2025-10-30 13:13:22,152 [INFO] ❌ Error 86299807402207: Expecting value: line 1 column 1 (char 0)
2025-10-30 13:13:22,689 [INFO] ❌ Error 86299807402208: Expecting value: line 1 column 1 (char 0)
2025-10-30 13:13:23,269 [INFO] ❌ Error 86299807402209: Expecting value: line 1 column 1 (char 0)
2025-10-30 13:13:23,802 [INFO] ❌ Error 86299807402210: Expecting value: line 1 column 1 (char 0)
2025-10-30 13:13:24,338 [INFO] ❌ Error 86299807402211: Expecting value: line 1 column 1 (char 0)
2025-10-30 13:13:24,868 [INFO] ❌ Error 86299807402212: Expecting value: line 1 column 1 (char 0)
2025-10-30 13:13:25,395 [INFO] ❌ Error 86299807402213: Expecting value: line 1 column 1 (char 0)
2025-10-30 13:13:25,934 [INFO] ❌ Error 86299807402214: Expecting value: line 1 column 1 (char 0)
2025-10-30 13:13:26,466 [INFO] ❌ Error 86299807402215: Expecting value: line 1 column 1 (char 0)
2025-10-30 13:13:26,989 [INFO] ❌ Error 86299807402216: Expecting value: line 1 column 1 (char 0)
2025-10-30 13:13:27,521 [INFO] ❌ Error 86299807402217: Expecting value: line 1 column 1 (char 0)
2025-10-30 13:13:28,056 [INFO] ❌ Error 86299807402218: Expecting value: line 1 column 1 (char 0)
2025-10-30 13:13:28,596 [INFO] ❌ Error 86299807402219: Expecting value: line 1 column 1 (char 0)
2025-10-30 13:13:29,132 [INFO] ❌ Error 86299807402220: Expecting value: line 1 column 1 (char 0)
2025-10-30 13:13:29,671 [INFO] ❌ Error 86299807402221: Expecting value: line 1 column 1 (char 0)
2025-10-30 13:13:30,204 [INFO] ❌ Error 86299807402222: Expecting value: line 1 column 1 (char 0)
2025-10-30 13:13:30,736 [INFO] ❌ Error 86299807402223: Expecting value: line 1 column 1 (char 0)
2025-10-30 13:13:31,273 [INFO] ❌ Error 86299807402224: Expecting value: line 1 column 1 (char 0)
2025-10-30 13:13:31,803 [INFO] ❌ Error 86299807402225: Expecting value: line 1 column 1 (char 0)
2025-10-30 13:13:32,336 [INFO] ❌ Error 86299807402226: Expecting value: line 1 column 1 (char 0)
2025-10-30 13:13:32,861 [INFO] ❌ Error 86299807402227: Expecting value: line 1 column 1 (char 0)
2025-10-30 13:13:33,397 [INFO] ❌ Error 86299807402228: Expecting value: line 1 column 1 (char 0)
2025-10-30 13:13:34,112 [INFO] ❌ Error 86299807402229: Expecting value: line 1 column 1 (char 0)
2025-10-30 13:13:34,644 [INFO] ❌ Error 86299807402230: Expecting value: line 1 column 1 (char 0)
2025-10-30 13:13:35,169 [INFO] ❌ Error 86299807402231: Expecting value: line 1 column 1 (char 0)
2025-10-30 13:13:35,706 [INFO] ❌ Error 86299807402232: Expecting value: line 1 column 1 (char 0)
2025-10-30 13:13:36,236 [INFO] ❌ Error 86299807402233: Expecting value: line 1 column 1 (char 0)
2025-10-30 13:13:36,762 [INFO] ❌ Error 86299807402234: Expecting value: line 1 column 1 (char 0)
2025-10-30 13:13:37,297 [INFO] ❌ Error 86299807402235: Expecting value: line 1 column 1 (char 0)
2025-10-30 13:13:37,832 [INFO] ❌ Error 86299807402236: Expecting value: line 1 column 1 (char 0)
2025-10-30 13:13:38,367 [INFO] ❌ Error 86299807402237: Expecting value: line 1 column 1 (char 0)
2025-10-30 13:13:38,900 [INFO] ❌ Error 86299807402238: Expecting value: line 1 column 1 (char 0)
2025-10-30 13:13:39,432 [INFO] ❌ Error 86299807402239: Expecting value: line 1 column 1 (char 0)
2025-10-30 13:13:39,965 [INFO] ❌ Error 86299807402240: Expecting value: line 1 column 1 (char 0)
2025-10-30 13:13:40,496 [INFO] ❌ Error 86299807402241: Expecting value: line 1 column 1 (char 0)
2025-10-30 13:13:41,031 [INFO] ❌ Error 86299807402242: Expecting value: line 1 column 1 (char 0)
2025-10-30 13:13:41,563 [INFO] ❌ Error 86299807402243: Expecting value: line 1 column 1 (char 0)
2025-10-30 13:13:42,093 [INFO] ❌ Error 86299807402244: Expecting value: line 1 column 1 (char 0)
2025-10-30 13:13:42,625 [INFO] ❌ Error 86299807402245: Expecting value: line 1 column 1 (char 0)
2025-10-30 13:13:43,160 [INFO] ❌ Error 86299807402246: Expecting value: line 1 column 1 (char 0)
2025-10-30 13:13:43,688 [INFO] ❌ Error 86299807402247: Expecting value: line 1 column 1 (char 0)
2025-10-30 13:13:44,225 [INFO] ❌ Error 86299807402248: Expecting value: line 1 column 1 (char 0)
2025-10-30 13:13:44,777 [INFO] ❌ Error 86299807402249: Expecting value: line 1 column 1 (char 0)
2025-10-30 13:13:45,386 [INFO] ❌ Error 86299807402250: Expecting value: line 1 column 1 (char 0)
2025-10-30 13:13:45,923 [INFO] ❌ Error 86299807402251: Expecting value: line 1 column 1 (char 0)
2025-10-30 13:13:46,452 [INFO] ❌ Error 86299807402252: Expecting value: line 1 column 1 (char 0)
2025-10-30 13:13:47,002 [INFO] ❌ Error 86299807402253: Expecting value: line 1 column 1 (char 0)
2025-10-30 13:13:47,535 [INFO] ❌ Error 86299807402254: Expecting value: line 1 column 1 (char 0)
2025-10-30 13:13:48,072 [INFO] ❌ Error 86299807402255: Expecting value: line 1 column 1 (char 0)
2025-10-30 13:13:48,606 [INFO] ❌ Error 86299807402256: Expecting value: line 1 column 1 (char 0)
2025-10-30 13:13:49,139 [INFO] ❌ Error 86299807402257: Expecting value: line 1 column 1 (char 0)
2025-10-30 13:13:49,756 [INFO] ❌ Error 86299807402258: Expecting value: line 1 column 1 (char 0)
2025-10-30 13:13:50,289 [INFO] ❌ Error 86299807402259: Expecting value: line 1 column 1 (char 0)
2025-10-30 13:13:50,822 [INFO] ❌ Error 86299807402260: Expecting value: line 1 column 1 (char 0)
2025-10-30 13:13:51,365 [INFO] ❌ Error 86299807402261: Expecting value: line 1 column 1 (char 0)
2025-10-30 13:13:51,895 [INFO] ❌ Error 86299807402262: Expecting value: line 1 column 1 (char 0)
2025-10-30 13:13:52,422 [INFO] ❌ Error 86299807402263: Expecting value: line 1 column 1 (char 0)
2025-10-30 13:13:52,951 [INFO] ❌ Error 86299807402264: Expecting value: line 1 column 1 (char 0)
2025-10-30 13:13:53,488 [INFO] ❌ Error 86299807402265: Expecting value: line 1 column 1 (char 0)
2025-10-30 13:13:54,023 [INFO] ❌ Error 86299807402266: Expecting value: line 1 column 1 (char 0)
2025-10-30 13:13:54,546 [INFO] ❌ Error 86299807402267: Expecting value: line 1 column 1 (char 0)
2025-10-30 13:13:55,076 [INFO] ❌ Error 86299807402268: Expecting value: line 1 column 1 (char 0)
2025-10-30 13:13:55,608 [INFO] ❌ Error 86299807402269: Expecting value: line 1 column 1 (char 0)
2025-10-30 13:13:56,137 [INFO] ❌ Error 86299807402270: Expecting value: line 1 column 1 (char 0)
2025-10-30 13:13:56,668 [INFO] ❌ Error 86299807402271: Expecting value: line 1 column 1 (char 0)
2025-10-30 13:13:57,202 [INFO] ❌ Error 86299807402272: Expecting value: line 1 column 1 (char 0)
2025-10-30 13:13:57,735 [INFO] ❌ Error 86299807402273: Expecting value: line 1 column 1 (char 0)
2025-10-30 13:13:58,272 [INFO] ❌ Error 86299807402274: Expecting value: line 1 column 1 (char 0)
2025-10-30 13:13:58,800 [INFO] ❌ Error 86299807402275: Expecting value: line 1 column 1 (char 0)
2025-10-30 13:13:59,329 [INFO] ❌ Error 86299807402276: Expecting value: line 1 column 1 (char 0)
2025-10-30 13:13:59,859 [INFO] ❌ Error 86299807402277: Expecting value: line 1 column 1 (char 0)
2025-10-30 13:14:00,391 [INFO] ❌ Error 86299807402278: Expecting value: line 1 column 1 (char 0)
2025-10-30 13:14:00,927 [INFO] ❌ Error 86299807402279: Expecting value: line 1 column 1 (char 0)
2025-10-30 13:14:01,453 [INFO] ❌ Error 86299807402280: Expecting value: line 1 column 1 (char 0)
2025-10-30 13:14:01,973 [INFO] ❌ Error 86299807402281: Expecting value: line 1 column 1 (char 0)
2025-10-30 13:14:02,505 [INFO] ❌ Error 86299807402282: Expecting value: line 1 column 1 (char 0)
2025-10-30 13:14:03,040 [INFO] ❌ Error 86299807402283: Expecting value: line 1 column 1 (char 0)
2025-10-30 13:14:03,574 [INFO] ❌ Error 86299807402284: Expecting value: line 1 column 1 (char 0)
2025-10-30 13:14:04,109 [INFO] ❌ Error 86299807402285: Expecting value: line 1 column 1 (char 0)
2025-10-30 13:14:04,643 [INFO] ❌ Error 86299807402286: Expecting value: line 1 column 1 (char 0)
2025-10-30 13:14:05,180 [INFO] ❌ Error 86299807402287: Expecting value: line 1 column 1 (char 0)
2025-10-30 13:14:05,705 [INFO] ❌ Error 86299807402288: Expecting value: line 1 column 1 (char 0)
2025-10-30 13:14:06,237 [INFO] ❌ Error 86299807402289: Expecting value: line 1 column 1 (char 0)
2025-10-30 13:14:06,774 [INFO] ❌ Error 86299807402290: Expecting value: line 1 column 1 (char 0)
2025-10-30 13:14:07,305 [INFO] ❌ Error 86299807402291: Expecting value: line 1 column 1 (char 0)
2025-10-30 13:14:07,843 [INFO] ❌ Error 86299807402292: Expecting value: line 1 column 1 (char 0)
2025-10-30 13:14:08,374 [INFO] ❌ Error 86299807402293: Expecting value: line 1 column 1 (char 0)
2025-10-30 13:14:08,909 [INFO] ❌ Error 86299807402294: Expecting value: line 1 column 1 (char 0)
2025-10-30 13:14:09,438 [INFO] ❌ Error 86299807402295: Expecting value: line 1 column 1 (char 0)
2025-10-30 13:14:09,970 [INFO] ❌ Error 86299807402296: Expecting value: line 1 column 1 (char 0)
2025-10-30 13:14:10,501 [INFO] ❌ Error 86299807402297: Expecting value: line 1 column 1 (char 0)
2025-10-30 13:14:11,041 [INFO] ❌ Error 86299807402298: Expecting value: line 1 column 1 (char 0)
2025-10-30 13:14:11,568 [INFO] ❌ Error 86299807402299: Expecting value: line 1 column 1 (char 0)
2025-10-30 13:14:12,098 [INFO] ❌ Error 86299807402300: Expecting value: line 1 column 1 (char 0)
2025-10-30 13:14:12,632 [INFO] ❌ Error 86299807402301: Expecting value: line 1 column 1 (char 0)
2025-10-30 13:14:13,161 [INFO] ❌ Error 86299807402302: Expecting value: line 1 column 1 (char 0)
2025-10-30 13:14:13,688 [INFO] ❌ Error 86299807402303: Expecting value: line 1 column 1 (char 0)
2025-10-30 13:14:14,219 [INFO] ❌ Error 86299807402304: Expecting value: line 1 column 1 (char 0)
2025-10-30 13:14:14,756 [INFO] ❌ Error 86299807402305: Expecting value: line 1 column 1 (char 0)
2025-10-30 13:14:15,287 [INFO] ❌ Error 86299807402306: Expecting value: line 1 column 1 (char 0)
2025-10-30 13:14:15,820 [INFO] ❌ Error 86299807402307: Expecting value: line 1 column 1 (char 0)
2025-10-30 13:14:16,351 [INFO] ❌ Error 86299807402308: Expecting value: line 1 column 1 (char 0)
2025-10-30 13:14:16,876 [INFO] ❌ Error 86299807402309: Expecting value: line 1 column 1 (char 0)
2025-10-30 13:14:17,404 [INFO] ❌ Error 86299807402310: Expecting value: line 1 column 1 (char 0)
2025-10-30 13:14:17,935 [INFO] ❌ Error 86299807402311: Expecting value: line 1 column 1 (char 0)
2025-10-30 13:14:18,469 [INFO] ❌ Error 86299807402312: Expecting value: line 1 column 1 (char 0)
2025-10-30 13:14:18,996 [INFO] ❌ Error 86299807402313: Expecting value: line 1 column 1 (char 0)
2025-10-30 13:14:19,538 [INFO] ❌ Error 86299807402314: Expecting value: line 1 column 1 (char 0)
2025-10-30 13:14:20,068 [INFO] ❌ Error 86299807402315: Expecting value: line 1 column 1 (char 0)
2025-10-30 13:14:20,609 [INFO] ❌ Error 86299807402316: Expecting value: line 1 column 1 (char 0)
2025-10-30 13:14:21,140 [INFO] ❌ Error 86299807402317: Expecting value: line 1 column 1 (char 0)
2025-10-30 13:14:21,669 [INFO] ❌ Error 86299807402318: Expecting value: line 1 column 1 (char 0)
2025-10-30 13:14:22,196 [INFO] ❌ Error 86299807402319: Expecting value: line 1 column 1 (char 0)
2025-10-30 13:14:22,812 [INFO] ❌ Error 86299807402320: Expecting value: line 1 column 1 (char 0)
2025-10-30 13:14:23,349 [INFO] ❌ Error 86299807402321: Expecting value: line 1 column 1 (char 0)
2025-10-30 13:14:23,895 [INFO] ❌ Error 86299807402322: Expecting value: line 1 column 1 (char 0)
2025-10-30 13:14:24,427 [INFO] ❌ Error 86299807402323: Expecting value: line 1 column 1 (char 0)
2025-10-30 13:14:24,958 [INFO] ❌ Error 86299807402324: Expecting value: line 1 column 1 (char 0)
2025-10-30 13:14:25,492 [INFO] ❌ Error 86299807402325: Expecting value: line 1 column 1 (char 0)
2025-10-30 13:14:26,027 [INFO] ❌ Error 86299807402326: Expecting value: line 1 column 1 (char 0)
2025-10-30 13:14:26,563 [INFO] ❌ Error 86299807402327: Expecting value: line 1 column 1 (char 0)
2025-10-30 13:14:27,093 [INFO] ❌ Error 86299807402328: Expecting value: line 1 column 1 (char 0)
2025-10-30 13:14:27,622 [INFO] ❌ Error 86299807402329: Expecting value: line 1 column 1 (char 0)
2025-10-30 13:14:28,154 [INFO] ❌ Error 86299807402330: Expecting value: line 1 column 1 (char 0)
2025-10-30 13:14:28,701 [INFO] ❌ Error 86299807402331: Expecting value: line 1 column 1 (char 0)
2025-10-30 13:14:29,241 [INFO] ❌ Error 86299807402332: Expecting value: line 1 column 1 (char 0)
2025-10-30 13:14:29,773 [INFO] ❌ Error 86299807402333: Expecting value: line 1 column 1 (char 0)
2025-10-30 13:14:30,302 [INFO] ❌ Error 86299807402334: Expecting value: line 1 column 1 (char 0)
2025-10-30 13:14:30,835 [INFO] ❌ Error 86299807402335: Expecting value: line 1 column 1 (char 0)
2025-10-30 13:14:31,367 [INFO] ❌ Error 86299807402336: Expecting value: line 1 column 1 (char 0)
2025-10-30 13:14:31,904 [INFO] ❌ Error 86299807402337: Expecting value: line 1 column 1 (char 0)
2025-10-30 13:14:32,436 [INFO] ❌ Error 86299807402338: Expecting value: line 1 column 1 (char 0)
2025-10-30 13:14:32,965 [INFO] ❌ Error 86299807402339: Expecting value: line 1 column 1 (char 0)
2025-10-30 13:14:33,497 [INFO] ❌ Error 86299807402340: Expecting value: line 1 column 1 (char 0)
2025-10-30 13:14:34,021 [INFO] ❌ Error 86299807402341: Expecting value: line 1 column 1 (char 0)
2025-10-30 13:14:34,549 [INFO] ❌ Error 86299807402342: Expecting value: line 1 column 1 (char 0)
2025-10-30 13:14:35,082 [INFO] ❌ Error 86299807402343: Expecting value: line 1 column 1 (char 0)
2025-10-30 13:14:35,621 [INFO] ❌ Error 86299807402344: Expecting value: line 1 column 1 (char 0)
2025-10-30 13:14:36,148 [INFO] ❌ Error 86299807402345: Expecting value: line 1 column 1 (char 0)
2025-10-30 13:14:36,672 [INFO] ❌ Error 86299807402346: Expecting value: line 1 column 1 (char 0)
2025-10-30 13:14:37,204 [INFO] ❌ Error 86299807402347: Expecting value: line 1 column 1 (char 0)
2025-10-30 13:14:37,729 [INFO] ❌ Error 86299807402348: Expecting value: line 1 column 1 (char 0)
2025-10-30 13:14:38,256 [INFO] ❌ Error 86299807402349: Expecting value: line 1 column 1 (char 0)
2025-10-30 13:14:38,784 [INFO] ❌ Error 86299807402350: Expecting value: line 1 column 1 (char 0)
2025-10-30 13:14:39,313 [INFO] ❌ Error 86299807402351: Expecting value: line 1 column 1 (char 0)
2025-10-30 13:14:39,862 [INFO] ❌ Error 86299807402352: Expecting value: line 1 column 1 (char 0)
2025-10-30 13:14:40,395 [INFO] ❌ Error 86299807402353: Expecting value: line 1 column 1 (char 0)
2025-10-30 13:14:40,931 [INFO] ❌ Error 86299807402354: Expecting value: line 1 column 1 (char 0)
2025-10-30 13:14:41,465 [INFO] ❌ Error 86299807402355: Expecting value: line 1 column 1 (char 0)
2025-10-30 13:14:42,001 [INFO] ❌ Error 86299807402356: Expecting value: line 1 column 1 (char 0)
2025-10-30 13:14:42,593 [INFO] ❌ Error 86299807402357: Expecting value: line 1 column 1 (char 0)
2025-10-30 13:14:43,120 [INFO] ❌ Error 86299807402358: Expecting value: line 1 column 1 (char 0)
2025-10-30 13:14:43,655 [INFO] ❌ Error 86299807402359: Expecting value: line 1 column 1 (char 0)
2025-10-30 13:14:44,184 [INFO] ❌ Error 86299807402360: Expecting value: line 1 column 1 (char 0)
2025-10-30 13:14:44,721 [INFO] ❌ Error 86299807402361: Expecting value: line 1 column 1 (char 0)
2025-10-30 13:14:45,257 [INFO] ❌ Error 86299807402362: Expecting value: line 1 column 1 (char 0)
2025-10-30 13:14:45,793 [INFO] ❌ Error 86299807402363: Expecting value: line 1 column 1 (char 0)
2025-10-30 13:14:46,321 [INFO] ❌ Error 86299807402364: Expecting value: line 1 column 1 (char 0)
2025-10-30 13:14:46,856 [INFO] ❌ Error 86299807402365: Expecting value: line 1 column 1 (char 0)
2025-10-30 13:14:47,386 [INFO] ❌ Error 86299807402366: Expecting value: line 1 column 1 (char 0)
2025-10-30 13:14:47,921 [INFO] ❌ Error 86299807402367: Expecting value: line 1 column 1 (char 0)
2025-10-30 13:14:48,450 [INFO] ❌ Error 86299807402368: Expecting value: line 1 column 1 (char 0)
2025-10-30 13:14:48,987 [INFO] ❌ Error 86299807402369: Expecting value: line 1 column 1 (char 0)
2025-10-30 13:14:49,519 [INFO] ❌ Error 86299807402370: Expecting value: line 1 column 1 (char 0)
2025-10-30 13:14:50,048 [INFO] ❌ Error 86299807402371: Expecting value: line 1 column 1 (char 0)
2025-10-30 13:14:50,577 [INFO] ❌ Error 86299807402372: Expecting value: line 1 column 1 (char 0)
2025-10-30 13:14:51,110 [INFO] ❌ Error 86299807402373: Expecting value: line 1 column 1 (char 0)
2025-10-30 13:14:51,645 [INFO] ❌ Error 86299807402374: Expecting value: line 1 column 1 (char 0)
2025-10-30 13:14:52,175 [INFO] ❌ Error 86299807402375: Expecting value: line 1 column 1 (char 0)
2025-10-30 13:14:52,710 [INFO] ❌ Error 86299807402376: Expecting value: line 1 column 1 (char 0)
2025-10-30 13:14:53,239 [INFO] ❌ Error 86299807402377: Expecting value: line 1 column 1 (char 0)
2025-10-30 13:14:53,771 [INFO] ❌ Error 86299807402378: Expecting value: line 1 column 1 (char 0)
2025-10-30 13:14:54,308 [INFO] ❌ Error 86299807402379: Expecting value: line 1 column 1 (char 0)
2025-10-30 13:14:54,846 [INFO] ❌ Error 86299807402380: Expecting value: line 1 column 1 (char 0)
2025-10-30 13:14:55,381 [INFO] ❌ Error 86299807402381: Expecting value: line 1 column 1 (char 0)
2025-10-30 13:14:55,906 [INFO] ❌ Error 86299807402382: Expecting value: line 1 column 1 (char 0)
2025-10-30 13:14:56,438 [INFO] ❌ Error 86299807402383: Expecting value: line 1 column 1 (char 0)
2025-10-30 13:14:56,972 [INFO] ❌ Error 86299807402384: Expecting value: line 1 column 1 (char 0)
2025-10-30 13:14:57,505 [INFO] ❌ Error 86299807402385: Expecting value: line 1 column 1 (char 0)
2025-10-30 13:14:58,032 [INFO] ❌ Error 86299807402386: Expecting value: line 1 column 1 (char 0)
2025-10-30 13:14:58,555 [INFO] ❌ Error 86299807402387: Expecting value: line 1 column 1 (char 0)
2025-10-30 13:14:59,192 [INFO] ❌ Error 86299807402388: Expecting value: line 1 column 1 (char 0)
2025-10-30 13:14:59,720 [INFO] ❌ Error 86299807402389: Expecting value: line 1 column 1 (char 0)
2025-10-30 13:15:00,256 [INFO] ❌ Error 86299807402390: Expecting value: line 1 column 1 (char 0)
2025-10-30 13:15:00,789 [INFO] ❌ Error 86299807402391: Expecting value: line 1 column 1 (char 0)
2025-10-30 13:15:01,324 [INFO] ❌ Error 86299807402392: Expecting value: line 1 column 1 (char 0)
2025-10-30 13:15:01,858 [INFO] ❌ Error 86299807402393: Expecting value: line 1 column 1 (char 0)
2025-10-30 13:15:02,392 [INFO] ❌ Error 86299807402394: Expecting value: line 1 column 1 (char 0)
2025-10-30 13:15:02,919 [INFO] ❌ Error 86299807402395: Expecting value: line 1 column 1 (char 0)
2025-10-30 13:15:03,455 [INFO] ❌ Error 86299807402396: Expecting value: line 1 column 1 (char 0)
2025-10-30 13:15:03,988 [INFO] ❌ Error 86299807402397: Expecting value: line 1 column 1 (char 0)
2025-10-30 13:15:04,519 [INFO] ❌ Error 86299807402398: Expecting value: line 1 column 1 (char 0)
2025-10-30 13:15:05,053 [INFO] ❌ Error 86299807402399: Expecting value: line 1 column 1 (char 0)
2025-10-30 13:15:05,590 [INFO] ❌ Error 86299807402400: Expecting value: line 1 column 1 (char 0)
2025-10-30 13:15:06,124 [INFO] ❌ Error 86299807402401: Expecting value: line 1 column 1 (char 0)
2025-10-30 13:15:06,663 [INFO] ❌ Error 86299807402402: Expecting value: line 1 column 1 (char 0)
2025-10-30 13:15:07,196 [INFO] ❌ Error 86299807402403: Expecting value: line 1 column 1 (char 0)
2025-10-30 13:15:07,730 [INFO] ❌ Error 86299807402404: Expecting value: line 1 column 1 (char 0)
2025-10-30 13:15:08,260 [INFO] ❌ Error 86299807402405: Expecting value: line 1 column 1 (char 0)
2025-10-30 13:15:08,790 [INFO] ❌ Error 86299807402406: Expecting value: line 1 column 1 (char 0)
2025-10-30 13:15:09,323 [INFO] ❌ Error 86299807402407: Expecting value: line 1 column 1 (char 0)
2025-10-30 13:15:09,852 [INFO] ❌ Error 86299807402408: Expecting value: line 1 column 1 (char 0)
2025-10-30 13:15:10,383 [INFO] ❌ Error 86299807402409: Expecting value: line 1 column 1 (char 0)
2025-10-30 13:15:10,915 [INFO] ❌ Error 86299807402410: Expecting value: line 1 column 1 (char 0)
2025-10-30 13:15:11,445 [INFO] ❌ Error 86299807402411: Expecting value: line 1 column 1 (char 0)
2025-10-30 13:15:11,977 [INFO] ❌ Error 86299807402412: Expecting value: line 1 column 1 (char 0)
2025-10-30 13:15:12,507 [INFO] ❌ Error 86299807402413: Expecting value: line 1 column 1 (char 0)
2025-10-30 13:15:13,043 [INFO] ❌ Error 86299807402414: Expecting value: line 1 column 1 (char 0)
2025-10-30 13:15:13,573 [INFO] ❌ Error 86299807402415: Expecting value: line 1 column 1 (char 0)
2025-10-30 13:15:14,104 [INFO] ❌ Error 86299807402416: Expecting value: line 1 column 1 (char 0)
2025-10-30 13:15:14,631 [INFO] ❌ Error 86299807402417: Expecting value: line 1 column 1 (char 0)
2025-10-30 13:15:15,167 [INFO] ❌ Error 86299807402418: Expecting value: line 1 column 1 (char 0)
2025-10-30 13:15:15,692 [INFO] ❌ Error 86299807402419: Expecting value: line 1 column 1 (char 0)
2025-10-30 13:15:16,226 [INFO] ❌ Error 86299807402420: Expecting value: line 1 column 1 (char 0)
2025-10-30 13:15:16,762 [INFO] ❌ Error 86299807402421: Expecting value: line 1 column 1 (char 0)
2025-10-30 13:15:17,298 [INFO] ❌ Error 86299807402422: Expecting value: line 1 column 1 (char 0)
2025-10-30 13:15:17,829 [INFO] ❌ Error 86299807402423: Expecting value: line 1 column 1 (char 0)
2025-10-30 13:15:18,361 [INFO] ❌ Error 86299807402424: Expecting value: line 1 column 1 (char 0)
2025-10-30 13:15:18,885 [INFO] ❌ Error 86299807402425: Expecting value: line 1 column 1 (char 0)
2025-10-30 13:15:19,418 [INFO] ❌ Error 86299807402426: Expecting value: line 1 column 1 (char 0)
2025-10-30 13:15:19,949 [INFO] ❌ Error 86299807402427: Expecting value: line 1 column 1 (char 0)
2025-10-30 13:15:20,479 [INFO] ❌ Error 86299807402428: Expecting value: line 1 column 1 (char 0)
2025-10-30 13:15:21,013 [INFO] ❌ Error 86299807402429: Expecting value: line 1 column 1 (char 0)
2025-10-30 13:15:21,546 [INFO] ❌ Error 86299807402430: Expecting value: line 1 column 1 (char 0)
2025-10-30 13:15:22,078 [INFO] ❌ Error 86299807402431: Expecting value: line 1 column 1 (char 0)
2025-10-30 13:15:22,664 [INFO] ❌ Error 86299807402432: Expecting value: line 1 column 1 (char 0)
2025-10-30 13:15:23,198 [INFO] ❌ Error 86299807402433: Expecting value: line 1 column 1 (char 0)
2025-10-30 13:15:23,726 [INFO] ❌ Error 86299807402434: Expecting value: line 1 column 1 (char 0)
2025-10-30 13:15:24,259 [INFO] ❌ Error 86299807402435: Expecting value: line 1 column 1 (char 0)
2025-10-30 13:15:24,791 [INFO] ❌ Error 86299807402436: Expecting value: line 1 column 1 (char 0)
2025-10-30 13:15:25,326 [INFO] ❌ Error 86299807402437: Expecting value: line 1 column 1 (char 0)
2025-10-30 13:15:25,864 [INFO] ❌ Error 86299807402438: Expecting value: line 1 column 1 (char 0)
2025-10-30 13:15:26,403 [INFO] ❌ Error 86299807402439: Expecting value: line 1 column 1 (char 0)
2025-10-30 13:15:26,928 [INFO] ❌ Error 86299807402440: Expecting value: line 1 column 1 (char 0)
2025-10-30 13:15:27,466 [INFO] ❌ Error 86299807402441: Expecting value: line 1 column 1 (char 0)
2025-10-30 13:15:27,996 [INFO] ❌ Error 86299807402442: Expecting value: line 1 column 1 (char 0)
2025-10-30 13:15:28,529 [INFO] ❌ Error 86299807402443: Expecting value: line 1 column 1 (char 0)
2025-10-30 13:15:29,059 [INFO] ❌ Error 86299807402444: Expecting value: line 1 column 1 (char 0)
2025-10-30 13:15:29,590 [INFO] ❌ Error 86299807402445: Expecting value: line 1 column 1 (char 0)
2025-10-30 13:15:30,123 [INFO] ❌ Error 86299807402446: Expecting value: line 1 column 1 (char 0)
2025-10-30 13:15:30,652 [INFO] ❌ Error 86299807402447: Expecting value: line 1 column 1 (char 0)
2025-10-30 13:15:31,187 [INFO] ❌ Error 86299807402448: Expecting value: line 1 column 1 (char 0)
2025-10-30 13:15:31,715 [INFO] ❌ Error 86299807402449: Expecting value: line 1 column 1 (char 0)
2025-10-30 13:15:32,249 [INFO] ❌ Error 86299807402450: Expecting value: line 1 column 1 (char 0)
2025-10-30 13:15:32,776 [INFO] ❌ Error 86299807402451: Expecting value: line 1 column 1 (char 0)
2025-10-30 13:15:33,317 [INFO] ❌ Error 86299807402452: Expecting value: line 1 column 1 (char 0)
2025-10-30 13:15:33,899 [INFO] ❌ Error 86299807402453: Expecting value: line 1 column 1 (char 0)
2025-10-30 13:15:34,430 [INFO] ❌ Error 86299807402454: Expecting value: line 1 column 1 (char 0)
2025-10-30 13:15:34,964 [INFO] ❌ Error 86299807402455: Expecting value: line 1 column 1 (char 0)
2025-10-30 13:15:35,497 [INFO] ❌ Error 86299807402456: Expecting value: line 1 column 1 (char 0)
2025-10-30 13:15:36,027 [INFO] ❌ Error 86299807402457: Expecting value: line 1 column 1 (char 0)
2025-10-30 13:15:36,566 [INFO] ❌ Error 86299807402458: Expecting value: line 1 column 1 (char 0)
2025-10-30 13:15:37,101 [INFO] ❌ Error 86299807402459: Expecting value: line 1 column 1 (char 0)
2025-10-30 13:15:37,633 [INFO] ❌ Error 86299807402460: Expecting value: line 1 column 1 (char 0)
2025-10-30 13:15:38,167 [INFO] ❌ Error 86299807402461: Expecting value: line 1 column 1 (char 0)
2025-10-30 13:15:38,699 [INFO] ❌ Error 86299807402462: Expecting value: line 1 column 1 (char 0)
2025-10-30 13:15:39,229 [INFO] ❌ Error 86299807402463: Expecting value: line 1 column 1 (char 0)
2025-10-30 13:15:39,756 [INFO] ❌ Error 86299807402464: Expecting value: line 1 column 1 (char 0)
2025-10-30 13:15:40,286 [INFO] ❌ Error 86299807402465: Expecting value: line 1 column 1 (char 0)
2025-10-30 13:15:40,817 [INFO] ❌ Error 86299807402466: Expecting value: line 1 column 1 (char 0)
2025-10-30 13:15:41,344 [INFO] ❌ Error 86299807402467: Expecting value: line 1 column 1 (char 0)
2025-10-30 13:15:41,893 [INFO] ❌ Error 86299807402468: Expecting value: line 1 column 1 (char 0)
2025-10-30 13:15:42,423 [INFO] ❌ Error 86299807402469: Expecting value: line 1 column 1 (char 0)
2025-10-30 13:15:42,949 [INFO] ❌ Error 86299807402470: Expecting value: line 1 column 1 (char 0)
2025-10-30 13:15:43,481 [INFO] ❌ Error 86299807402471: Expecting value: line 1 column 1 (char 0)
2025-10-30 13:15:44,009 [INFO] ❌ Error 86299807402472: Expecting value: line 1 column 1 (char 0)
2025-10-30 13:15:44,550 [INFO] ❌ Error 86299807402473: Expecting value: line 1 column 1 (char 0)
2025-10-30 13:15:45,074 [INFO] ❌ Error 86299807402474: Expecting value: line 1 column 1 (char 0)
2025-10-30 13:15:45,607 [INFO] ❌ Error 86299807402475: Expecting value: line 1 column 1 (char 0)
2025-10-30 13:15:46,141 [INFO] ❌ Error 86299807402476: Expecting value: line 1 column 1 (char 0)
2025-10-30 13:15:46,669 [INFO] ❌ Error 86299807402477: Expecting value: line 1 column 1 (char 0)
2025-10-30 13:15:47,200 [INFO] ❌ Error 86299807402478: Expecting value: line 1 column 1 (char 0)
2025-10-30 13:15:47,727 [INFO] ❌ Error 86299807402479: Expecting value: line 1 column 1 (char 0)
2025-10-30 13:15:48,262 [INFO] ❌ Error 86299807402480: Expecting value: line 1 column 1 (char 0)
2025-10-30 13:15:48,795 [INFO] ❌ Error 86299807402481: Expecting value: line 1 column 1 (char 0)
2025-10-30 13:15:49,324 [INFO] ❌ Error 86299807402482: Expecting value: line 1 column 1 (char 0)
2025-10-30 13:15:49,857 [INFO] ❌ Error 86299807402483: Expecting value: line 1 column 1 (char 0)
2025-10-30 13:15:50,393 [INFO] ❌ Error 86299807402484: Expecting value: line 1 column 1 (char 0)
2025-10-30 13:15:50,927 [INFO] ❌ Error 86299807402485: Expecting value: line 1 column 1 (char 0)
2025-10-30 13:15:51,457 [INFO] ❌ Error 86299807402486: Expecting value: line 1 column 1 (char 0)
2025-10-30 13:15:51,994 [INFO] ❌ Error 86299807402487: Expecting value: line 1 column 1 (char 0)
2025-10-30 13:15:52,520 [INFO] ❌ Error 86299807402488: Expecting value: line 1 column 1 (char 0)
2025-10-30 13:15:53,097 [INFO] ❌ Error 86299807402489: Expecting value: line 1 column 1 (char 0)
2025-10-30 13:15:53,640 [INFO] ❌ Error 86299807402490: Expecting value: line 1 column 1 (char 0)
2025-10-30 13:15:54,173 [INFO] ❌ Error 86299807402491: Expecting value: line 1 column 1 (char 0)
2025-10-30 13:15:54,706 [INFO] ❌ Error 86299807402492: Expecting value: line 1 column 1 (char 0)
2025-10-30 13:15:55,236 [INFO] ❌ Error 86299807402493: Expecting value: line 1 column 1 (char 0)
2025-10-30 13:15:55,770 [INFO] ❌ Error 86299807402494: Expecting value: line 1 column 1 (char 0)
2025-10-30 13:15:56,301 [INFO] ❌ Error 86299807402495: Expecting value: line 1 column 1 (char 0)
2025-10-30 13:15:56,836 [INFO] ❌ Error 86299807402496: Expecting value: line 1 column 1 (char 0)
2025-10-30 13:15:57,361 [INFO] ❌ Error 86299807402497: Expecting value: line 1 column 1 (char 0)
2025-10-30 13:15:57,887 [INFO] ❌ Error 86299807402498: Expecting value: line 1 column 1 (char 0)
2025-10-30 13:15:58,417 [INFO] ❌ Error 86299807402499: Expecting value: line 1 column 1 (char 0)
2025-10-30 13:15:58,980 [INFO] ❌ Error 86299807402500: Expecting value: line 1 column 1 (char 0)
2025-10-30 13:15:59,513 [INFO] ❌ Error 86299807402501: Expecting value: line 1 column 1 (char 0)
2025-10-30 13:16:00,044 [INFO] ❌ Error 86299807402502: Expecting value: line 1 column 1 (char 0)
2025-10-30 13:16:00,575 [INFO] ❌ Error 86299807402503: Expecting value: line 1 column 1 (char 0)
2025-10-30 13:16:01,118 [INFO] ❌ Error 86299807402504: Expecting value: line 1 column 1 (char 0)
2025-10-30 13:16:01,651 [INFO] ❌ Error 86299807402505: Expecting value: line 1 column 1 (char 0)
2025-10-30 13:16:02,184 [INFO] ❌ Error 86299807402506: Expecting value: line 1 column 1 (char 0)
2025-10-30 13:16:02,713 [INFO] ❌ Error 86299807402507: Expecting value: line 1 column 1 (char 0)
2025-10-30 13:16:03,242 [INFO] ❌ Error 86299807402508: Expecting value: line 1 column 1 (char 0)
2025-10-30 13:16:03,772 [INFO] ❌ Error 86299807402509: Expecting value: line 1 column 1 (char 0)
2025-10-30 13:16:04,306 [INFO] ❌ Error 86299807402510: Expecting value: line 1 column 1 (char 0)
2025-10-30 13:16:04,834 [INFO] ❌ Error 86299807402511: Expecting value: line 1 column 1 (char 0)
2025-10-30 13:16:05,366 [INFO] ❌ Error 86299807402512: Expecting value: line 1 column 1 (char 0)
2025-10-30 13:16:05,898 [INFO] ❌ Error 86299807402513: Expecting value: line 1 column 1 (char 0)
2025-10-30 13:16:06,447 [INFO] ❌ Error 86299807402514: Expecting value: line 1 column 1 (char 0)
2025-10-30 13:16:06,972 [INFO] ❌ Error 86299807402515: Expecting value: line 1 column 1 (char 0)
2025-10-30 13:16:07,505 [INFO] ❌ Error 86299807402516: Expecting value: line 1 column 1 (char 0)
2025-10-30 13:16:08,032 [INFO] ❌ Error 86299807402517: Expecting value: line 1 column 1 (char 0)
2025-10-30 13:16:08,567 [INFO] ❌ Error 86299807402518: Expecting value: line 1 column 1 (char 0)
2025-10-30 13:16:09,094 [INFO] ❌ Error 86299807402519: Expecting value: line 1 column 1 (char 0)
2025-10-30 13:16:09,621 [INFO] ❌ Error 86299807402520: Expecting value: line 1 column 1 (char 0)
2025-10-30 13:16:10,151 [INFO] ❌ Error 86299807402521: Expecting value: line 1 column 1 (char 0)
2025-10-30 13:16:10,685 [INFO] ❌ Error 86299807402522: Expecting value: line 1 column 1 (char 0)
2025-10-30 13:16:11,211 [INFO] ❌ Error 86299807402523: Expecting value: line 1 column 1 (char 0)
2025-10-30 13:16:11,737 [INFO] ❌ Error 86299807402524: Expecting value: line 1 column 1 (char 0)
2025-10-30 13:16:12,267 [INFO] ❌ Error 86299807402525: Expecting value: line 1 column 1 (char 0)
2025-10-30 13:16:12,801 [INFO] ❌ Error 86299807402526: Expecting value: line 1 column 1 (char 0)
2025-10-30 13:16:13,335 [INFO] ❌ Error 86299807402527: Expecting value: line 1 column 1 (char 0)
2025-10-30 13:16:13,863 [INFO] ❌ Error 86299807402528: Expecting value: line 1 column 1 (char 0)
2025-10-30 13:16:14,400 [INFO] ❌ Error 86299807402529: Expecting value: line 1 column 1 (char 0)
2025-10-30 13:16:14,937 [INFO] ❌ Error 86299807402530: Expecting value: line 1 column 1 (char 0)
2025-10-30 13:16:15,470 [INFO] ❌ Error 86299807402531: Expecting value: line 1 column 1 (char 0)
2025-10-30 13:16:16,001 [INFO] ❌ Error 86299807402532: Expecting value: line 1 column 1 (char 0)
2025-10-30 13:16:16,525 [INFO] ❌ Error 86299807402533: Expecting value: line 1 column 1 (char 0)
2025-10-30 13:16:17,052 [INFO] ❌ Error 86299807402534: Expecting value: line 1 column 1 (char 0)
2025-10-30 13:16:17,576 [INFO] ❌ Error 86299807402535: Expecting value: line 1 column 1 (char 0)
2025-10-30 13:16:18,106 [INFO] ❌ Error 86299807402536: Expecting value: line 1 column 1 (char 0)
2025-10-30 13:16:18,635 [INFO] ❌ Error 86299807402537: Expecting value: line 1 column 1 (char 0)
2025-10-30 13:16:19,166 [INFO] ❌ Error 86299807402538: Expecting value: line 1 column 1 (char 0)
2025-10-30 13:16:19,701 [INFO] ❌ Error 86299807402539: Expecting value: line 1 column 1 (char 0)
2025-10-30 13:16:20,235 [INFO] ❌ Error 86299807402540: Expecting value: line 1 column 1 (char 0)
2025-10-30 13:16:20,764 [INFO] ❌ Error 86299807402541: Expecting value: line 1 column 1 (char 0)
2025-10-30 13:16:21,297 [INFO] ❌ Error 86299807402542: Expecting value: line 1 column 1 (char 0)
2025-10-30 13:16:21,828 [INFO] ❌ Error 86299807402543: Expecting value: line 1 column 1 (char 0)
2025-10-30 13:16:22,360 [INFO] ❌ Error 86299807402544: Expecting value: line 1 column 1 (char 0)
2025-10-30 13:16:22,899 [INFO] ❌ Error 86299807402545: Expecting value: line 1 column 1 (char 0)
2025-10-30 13:16:23,437 [INFO] ❌ Error 86299807402546: Expecting value: line 1 column 1 (char 0)
2025-10-30 13:16:23,972 [INFO] ❌ Error 86299807402547: Expecting value: line 1 column 1 (char 0)
2025-10-30 13:16:24,506 [INFO] ❌ Error 86299807402548: Expecting value: line 1 column 1 (char 0)
2025-10-30 13:16:25,043 [INFO] ❌ Error 86299807402549: Expecting value: line 1 column 1 (char 0)
2025-10-30 13:16:25,571 [INFO] ❌ Error 86299807402550: Expecting value: line 1 column 1 (char 0)
2025-10-30 13:16:26,102 [INFO] ❌ Error 86299807402551: Expecting value: line 1 column 1 (char 0)
2025-10-30 13:16:26,604 [INFO] 🔁 Pushing dữ liệu trước khi tạo email mới...
